<?xml version="1.0" encoding="utf-8" standalone="no"?>
<test-run id="2" testcasecount="7" result="Passed" total="7" passed="7" failed="0" inconclusive="0" skipped="0" asserts="10" engine-version="3.6.1.0" clr-version="4.0.30319.42000" start-time="2017-03-12 19:15:02Z" end-time="2017-03-12 19:15:03Z" duration="1.022513">
  <command-line><![CDATA["packages/NUnit.ConsoleRunner/tools/nunit3-console.exe" "--noheader" "D:\Work\Training\CafeApp\tests\CafeApp.Core.Tests.dll" ]]></command-line>
  <test-suite type="Assembly" id="0-1010" name="CafeApp.Core.Tests.dll" fullname="D:\Work\Training\CafeApp\tests\CafeApp.Core.Tests.dll" runstate="Runnable" testcasecount="7" result="Passed" start-time="2017-03-12 19:15:03Z" end-time="2017-03-12 19:15:03Z" duration="0.148337" total="7" passed="7" failed="0" warnings="0" inconclusive="0" skipped="0" asserts="10">
    <environment framework-version="3.6.0.0" clr-version="4.0.30319.42000" os-version="Microsoft Windows NT 10.0.15048.0" platform="Win32NT" cwd="D:\Work\Training\CafeApp" machine-name="ODIN" user="odind" user-domain="ODIN" culture="ru-BY" uiculture="ru-RU" os-architecture="x64" />
    <settings>
      <setting name="DisposeRunners" value="True" />
      <setting name="WorkDirectory" value="D:\Work\Training\CafeApp" />
      <setting name="ImageRuntimeVersion" value="4.0.30319" />
      <setting name="ImageTargetFrameworkName" value=".NETFramework,Version=v4.5.2" />
      <setting name="ImageRequiresX86" value="False" />
      <setting name="ImageRequiresDefaultAppDomainAssemblyResolver" value="False" />
      <setting name="NumberOfTestWorkers" value="8" />
    </settings>
    <properties>
      <property name="_PID" value="24468" />
      <property name="_APPDOMAIN" value="domain-" />
    </properties>
    <test-suite type="TestFixture" id="0-1007" name="OpenTabTests" fullname="OpenTabTests" classname="OpenTabTests" runstate="Runnable" testcasecount="2" result="Passed" start-time="2017-03-12 19:15:03Z" end-time="2017-03-12 19:15:03Z" duration="0.090210" total="2" passed="2" failed="0" warnings="0" inconclusive="0" skipped="0" asserts="3">
      <test-case id="0-1008" name="Can Open a new Tab" fullname="OpenTabTests.Can Open a new Tab" methodname="Can Open a new Tab" classname="OpenTabTests" runstate="Runnable" seed="1057044575" result="Passed" start-time="2017-03-12 19:15:03Z" end-time="2017-03-12 19:15:03Z" duration="0.071709" asserts="2" />
      <test-case id="0-1009" name="Cannot open an already Opened tab" fullname="OpenTabTests.Cannot open an already Opened tab" methodname="Cannot open an already Opened tab" classname="OpenTabTests" runstate="Runnable" seed="2035752747" result="Passed" start-time="2017-03-12 19:15:03Z" end-time="2017-03-12 19:15:03Z" duration="0.002035" asserts="1" />
    </test-suite>
    <test-suite type="TestFixture" id="0-1002" name="PlaceOrderTests" fullname="PlaceOrderTests" classname="PlaceOrderTests" runstate="Runnable" testcasecount="4" result="Passed" start-time="2017-03-12 19:15:03Z" end-time="2017-03-12 19:15:03Z" duration="0.021088" total="4" passed="4" failed="0" warnings="0" inconclusive="0" skipped="0" asserts="5">
      <test-case id="0-1004" name="Can not place empty order" fullname="PlaceOrderTests.Can not place empty order" methodname="Can not place empty order" classname="PlaceOrderTests" runstate="Runnable" seed="66612186" result="Passed" start-time="2017-03-12 19:15:03Z" end-time="2017-03-12 19:15:03Z" duration="0.001891" asserts="1" />
      <test-case id="0-1006" name="Can not place order multiple times" fullname="PlaceOrderTests.Can not place order multiple times" methodname="Can not place order multiple times" classname="PlaceOrderTests" runstate="Runnable" seed="90189901" result="Passed" start-time="2017-03-12 19:15:03Z" end-time="2017-03-12 19:15:03Z" duration="0.000931" asserts="1" />
      <test-case id="0-1005" name="Can not place order with a closed tab" fullname="PlaceOrderTests.Can not place order with a closed tab" methodname="Can not place order with a closed tab" classname="PlaceOrderTests" runstate="Runnable" seed="86399301" result="Passed" start-time="2017-03-12 19:15:03Z" end-time="2017-03-12 19:15:03Z" duration="0.000417" asserts="1" />
      <test-case id="0-1003" name="Can place drinks order" fullname="PlaceOrderTests.Can place drinks order" methodname="Can place drinks order" classname="PlaceOrderTests" runstate="Runnable" seed="544376853" result="Passed" start-time="2017-03-12 19:15:03Z" end-time="2017-03-12 19:15:03Z" duration="0.002536" asserts="2" />
    </test-suite>
    <test-suite type="TestFixture" id="0-1000" name="ServeDrinkTests" fullname="ServeDrinkTests" classname="ServeDrinkTests" runstate="Runnable" testcasecount="1" result="Passed" start-time="2017-03-12 19:15:03Z" end-time="2017-03-12 19:15:03Z" duration="0.006018" total="1" passed="1" failed="0" warnings="0" inconclusive="0" skipped="0" asserts="2">
      <test-case id="0-1001" name="Can Serve Drink" fullname="ServeDrinkTests.Can Serve Drink" methodname="Can Serve Drink" classname="ServeDrinkTests" runstate="Runnable" seed="346603247" result="Passed" start-time="2017-03-12 19:15:03Z" end-time="2017-03-12 19:15:03Z" duration="0.002507" asserts="2" />
    </test-suite>
  </test-suite>
</test-run>