<?xml version="1.0" encoding="utf-8" standalone="no"?>
<test-run id="2" testcasecount="31" result="Passed" total="31" passed="31" failed="0" inconclusive="0" skipped="0" asserts="40" engine-version="3.6.1.0" clr-version="4.0.30319.42000" start-time="2017-03-17 14:25:49Z" end-time="2017-03-17 14:25:50Z" duration="1.258366">
  <command-line><![CDATA["packages/NUnit.ConsoleRunner/tools/nunit3-console.exe" "--noheader" "D:\Work\Training\CafeApp\tests\CafeApp.Core.Tests.dll" ]]></command-line>
  <test-suite type="Assembly" id="0-1037" name="CafeApp.Core.Tests.dll" fullname="D:\Work\Training\CafeApp\tests\CafeApp.Core.Tests.dll" runstate="Runnable" testcasecount="31" result="Passed" start-time="2017-03-17 14:25:50Z" end-time="2017-03-17 14:25:50Z" duration="0.348038" total="31" passed="31" failed="0" warnings="0" inconclusive="0" skipped="0" asserts="40">
    <environment framework-version="3.6.0.0" clr-version="4.0.30319.42000" os-version="Microsoft Windows NT 10.0.15048.0" platform="Win32NT" cwd="D:\Work\Training\CafeApp" machine-name="ODIN" user="odind" user-domain="ODIN" culture="ru-BY" uiculture="ru-RU" os-architecture="x64" />
    <settings>
      <setting name="DisposeRunners" value="True" />
      <setting name="WorkDirectory" value="D:\Work\Training\CafeApp" />
      <setting name="ImageRuntimeVersion" value="4.0.30319" />
      <setting name="ImageTargetFrameworkName" value=".NETFramework,Version=v4.5.2" />
      <setting name="ImageRequiresX86" value="False" />
      <setting name="ImageRequiresDefaultAppDomainAssemblyResolver" value="False" />
      <setting name="NumberOfTestWorkers" value="8" />
    </settings>
    <properties>
      <property name="_PID" value="3392" />
      <property name="_APPDOMAIN" value="domain-" />
    </properties>
    <test-suite type="TestFixture" id="0-1032" name="CloseTabTests" fullname="CloseTabTests" classname="CloseTabTests" runstate="Runnable" testcasecount="1" result="Passed" start-time="2017-03-17 14:25:50Z" end-time="2017-03-17 14:25:50Z" duration="0.125981" total="1" passed="1" failed="0" warnings="0" inconclusive="0" skipped="0" asserts="2">
      <test-case id="0-1033" name="Can close the tab by paying full amount" fullname="CloseTabTests.Can close the tab by paying full amount" methodname="Can close the tab by paying full amount" classname="CloseTabTests" runstate="Runnable" seed="2009958843" result="Passed" start-time="2017-03-17 14:25:50Z" end-time="2017-03-17 14:25:50Z" duration="0.110493" asserts="2" />
    </test-suite>
    <test-suite type="TestFixture" id="0-1034" name="OpenTabTests" fullname="OpenTabTests" classname="OpenTabTests" runstate="Runnable" testcasecount="2" result="Passed" start-time="2017-03-17 14:25:50Z" end-time="2017-03-17 14:25:50Z" duration="0.015017" total="2" passed="2" failed="0" warnings="0" inconclusive="0" skipped="0" asserts="3">
      <test-case id="0-1035" name="Can Open a new Tab" fullname="OpenTabTests.Can Open a new Tab" methodname="Can Open a new Tab" classname="OpenTabTests" runstate="Runnable" seed="862584854" result="Passed" start-time="2017-03-17 14:25:50Z" end-time="2017-03-17 14:25:50Z" duration="0.005034" asserts="2" />
      <test-case id="0-1036" name="Cannot open an already Opened tab" fullname="OpenTabTests.Cannot open an already Opened tab" methodname="Cannot open an already Opened tab" classname="OpenTabTests" runstate="Runnable" seed="119694182" result="Passed" start-time="2017-03-17 14:25:50Z" end-time="2017-03-17 14:25:50Z" duration="0.002376" asserts="1" />
    </test-suite>
    <test-suite type="TestFixture" id="0-1027" name="PlaceOrderTests" fullname="PlaceOrderTests" classname="PlaceOrderTests" runstate="Runnable" testcasecount="4" result="Passed" start-time="2017-03-17 14:25:50Z" end-time="2017-03-17 14:25:50Z" duration="0.020035" total="4" passed="4" failed="0" warnings="0" inconclusive="0" skipped="0" asserts="5">
      <test-case id="0-1029" name="Can not place empty order" fullname="PlaceOrderTests.Can not place empty order" methodname="Can not place empty order" classname="PlaceOrderTests" runstate="Runnable" seed="1031034362" result="Passed" start-time="2017-03-17 14:25:50Z" end-time="2017-03-17 14:25:50Z" duration="0.001817" asserts="1" />
      <test-case id="0-1031" name="Can not place order multiple times" fullname="PlaceOrderTests.Can not place order multiple times" methodname="Can not place order multiple times" classname="PlaceOrderTests" runstate="Runnable" seed="472960597" result="Passed" start-time="2017-03-17 14:25:50Z" end-time="2017-03-17 14:25:50Z" duration="0.001288" asserts="1" />
      <test-case id="0-1030" name="Can not place order with a closed tab" fullname="PlaceOrderTests.Can not place order with a closed tab" methodname="Can not place order with a closed tab" classname="PlaceOrderTests" runstate="Runnable" seed="159484353" result="Passed" start-time="2017-03-17 14:25:50Z" end-time="2017-03-17 14:25:50Z" duration="0.000612" asserts="1" />
      <test-case id="0-1028" name="Can place drinks order" fullname="PlaceOrderTests.Can place drinks order" methodname="Can place drinks order" classname="PlaceOrderTests" runstate="Runnable" seed="426645504" result="Passed" start-time="2017-03-17 14:25:50Z" end-time="2017-03-17 14:25:50Z" duration="0.002597" asserts="2" />
    </test-suite>
    <test-suite type="TestFixture" id="0-1009" name="PrepareFoodTests" fullname="PrepareFoodTests" classname="PrepareFoodTests" runstate="Runnable" testcasecount="7" result="Passed" start-time="2017-03-17 14:25:50Z" end-time="2017-03-17 14:25:50Z" duration="0.037600" total="7" passed="7" failed="0" warnings="0" inconclusive="0" skipped="0" asserts="9">
      <test-case id="0-1012" name="Can not prepare a food for served order" fullname="PrepareFoodTests.Can not prepare a food for served order" methodname="Can not prepare a food for served order" classname="PrepareFoodTests" runstate="Runnable" seed="722961491" result="Passed" start-time="2017-03-17 14:25:50Z" end-time="2017-03-17 14:25:50Z" duration="0.002264" asserts="1" />
      <test-case id="0-1011" name="Can not prepare a non-ordered food" fullname="PrepareFoodTests.Can not prepare a non-ordered food" methodname="Can not prepare a non-ordered food" classname="PrepareFoodTests" runstate="Runnable" seed="887925497" result="Passed" start-time="2017-03-17 14:25:50Z" end-time="2017-03-17 14:25:50Z" duration="0.005949" asserts="1" />
      <test-case id="0-1016" name="Can not prepare already prepared food during order in progress" fullname="PrepareFoodTests.Can not prepare already prepared food during order in progress" methodname="Can not prepare already prepared food during order in progress" classname="PrepareFoodTests" runstate="Runnable" seed="277185463" result="Passed" start-time="2017-03-17 14:25:50Z" end-time="2017-03-17 14:25:50Z" duration="0.002980" asserts="1" />
      <test-case id="0-1015" name="Can not prepare non-ordered food during order in progress" fullname="PrepareFoodTests.Can not prepare non-ordered food during order in progress" methodname="Can not prepare non-ordered food during order in progress" classname="PrepareFoodTests" runstate="Runnable" seed="614729002" result="Passed" start-time="2017-03-17 14:25:50Z" end-time="2017-03-17 14:25:50Z" duration="0.000734" asserts="1" />
      <test-case id="0-1013" name="Can not prepare with closed tab" fullname="PrepareFoodTests.Can not prepare with closed tab" methodname="Can not prepare with closed tab" classname="PrepareFoodTests" runstate="Runnable" seed="921501040" result="Passed" start-time="2017-03-17 14:25:50Z" end-time="2017-03-17 14:25:50Z" duration="0.000592" asserts="1" />
      <test-case id="0-1010" name="Can Prepare Food" fullname="PrepareFoodTests.Can Prepare Food" methodname="Can Prepare Food" classname="PrepareFoodTests" runstate="Runnable" seed="890109598" result="Passed" start-time="2017-03-17 14:25:50Z" end-time="2017-03-17 14:25:50Z" duration="0.001979" asserts="2" />
      <test-case id="0-1014" name="Can prepare food during order in progress" fullname="PrepareFoodTests.Can prepare food during order in progress" methodname="Can prepare food during order in progress" classname="PrepareFoodTests" runstate="Runnable" seed="1241825987" result="Passed" start-time="2017-03-17 14:25:50Z" end-time="2017-03-17 14:25:50Z" duration="0.001163" asserts="2" />
    </test-suite>
    <test-suite type="TestFixture" id="0-1017" name="ServeDrinkTests" fullname="ServeDrinkTests" classname="ServeDrinkTests" runstate="Runnable" testcasecount="9" result="Passed" start-time="2017-03-17 14:25:50Z" end-time="2017-03-17 14:25:50Z" duration="0.063793" total="9" passed="9" failed="0" warnings="0" inconclusive="0" skipped="0" asserts="12">
      <test-case id="0-1026" name="Can not serve an already served drinks" fullname="ServeDrinkTests.Can not serve an already served drinks" methodname="Can not serve an already served drinks" classname="ServeDrinkTests" runstate="Runnable" seed="2133657576" result="Passed" start-time="2017-03-17 14:25:50Z" end-time="2017-03-17 14:25:50Z" duration="0.006672" asserts="1" />
      <test-case id="0-1020" name="Can not serve drink for already served order" fullname="ServeDrinkTests.Can not serve drink for already served order" methodname="Can not serve drink for already served order" classname="ServeDrinkTests" runstate="Runnable" seed="1061609346" result="Passed" start-time="2017-03-17 14:25:50Z" end-time="2017-03-17 14:25:50Z" duration="0.000525" asserts="1" />
      <test-case id="0-1021" name="Can not serve drink for non placed order" fullname="ServeDrinkTests.Can not serve drink for non placed order" methodname="Can not serve drink for non placed order" classname="ServeDrinkTests" runstate="Runnable" seed="1449655980" result="Passed" start-time="2017-03-17 14:25:50Z" end-time="2017-03-17 14:25:50Z" duration="0.000546" asserts="1" />
      <test-case id="0-1019" name="Can not serve non ordered drink" fullname="ServeDrinkTests.Can not serve non ordered drink" methodname="Can not serve non ordered drink" classname="ServeDrinkTests" runstate="Runnable" seed="1740759833" result="Passed" start-time="2017-03-17 14:25:50Z" end-time="2017-03-17 14:25:50Z" duration="0.000868" asserts="1" />
      <test-case id="0-1025" name="Can not serve non ordered drinks during order in progress " fullname="ServeDrinkTests.Can not serve non ordered drinks during order in progress " methodname="Can not serve non ordered drinks during order in progress " classname="ServeDrinkTests" runstate="Runnable" seed="1203957504" result="Passed" start-time="2017-03-17 14:25:50Z" end-time="2017-03-17 14:25:50Z" duration="0.001106" asserts="1" />
      <test-case id="0-1022" name="Can not serve with closed tab" fullname="ServeDrinkTests.Can not serve with closed tab" methodname="Can not serve with closed tab" classname="ServeDrinkTests" runstate="Runnable" seed="2045185475" result="Passed" start-time="2017-03-17 14:25:50Z" end-time="2017-03-17 14:25:50Z" duration="0.000583" asserts="1" />
      <test-case id="0-1018" name="Can Serve Drink" fullname="ServeDrinkTests.Can Serve Drink" methodname="Can Serve Drink" classname="ServeDrinkTests" runstate="Runnable" seed="585023754" result="Passed" start-time="2017-03-17 14:25:50Z" end-time="2017-03-17 14:25:50Z" duration="0.001520" asserts="2" />
      <test-case id="0-1023" name="Can serve drinks for order containing only one drinks" fullname="ServeDrinkTests.Can serve drinks for order containing only one drinks" methodname="Can serve drinks for order containing only one drinks" classname="ServeDrinkTests" runstate="Runnable" seed="1261164417" result="Passed" start-time="2017-03-17 14:25:50Z" end-time="2017-03-17 14:25:50Z" duration="0.001552" asserts="2" />
      <test-case id="0-1024" name="Remain in order in progress while serving drink" fullname="ServeDrinkTests.Remain in order in progress while serving drink" methodname="Remain in order in progress while serving drink" classname="ServeDrinkTests" runstate="Runnable" seed="1531840876" result="Passed" start-time="2017-03-17 14:25:50Z" end-time="2017-03-17 14:25:50Z" duration="0.018142" asserts="2" />
    </test-suite>
    <test-suite type="TestFixture" id="0-1000" name="ServeFoodTests" fullname="ServeFoodTests" classname="ServeFoodTests" runstate="Runnable" testcasecount="8" result="Passed" start-time="2017-03-17 14:25:50Z" end-time="2017-03-17 14:25:50Z" duration="0.038521" total="8" passed="8" failed="0" warnings="0" inconclusive="0" skipped="0" asserts="9">
      <test-case id="0-1001" name="Can maintain the order in progress state by serving food" fullname="ServeFoodTests.Can maintain the order in progress state by serving food" methodname="Can maintain the order in progress state by serving food" classname="ServeFoodTests" runstate="Runnable" seed="1639264978" result="Passed" start-time="2017-03-17 14:25:50Z" end-time="2017-03-17 14:25:50Z" duration="0.006076" asserts="2" />
      <test-case id="0-1004" name="Can not serve already served food" fullname="ServeFoodTests.Can not serve already served food" methodname="Can not serve already served food" classname="ServeFoodTests" runstate="Runnable" seed="208454974" result="Passed" start-time="2017-03-17 14:25:50Z" end-time="2017-03-17 14:25:50Z" duration="0.000983" asserts="1" />
      <test-case id="0-1007" name="Can not serve for already served order" fullname="ServeFoodTests.Can not serve for already served order" methodname="Can not serve for already served order" classname="ServeFoodTests" runstate="Runnable" seed="801715896" result="Passed" start-time="2017-03-17 14:25:50Z" end-time="2017-03-17 14:25:50Z" duration="0.000670" asserts="1" />
      <test-case id="0-1006" name="Can not serve for non placed order" fullname="ServeFoodTests.Can not serve for non placed order" methodname="Can not serve for non placed order" classname="ServeFoodTests" runstate="Runnable" seed="917773915" result="Passed" start-time="2017-03-17 14:25:50Z" end-time="2017-03-17 14:25:50Z" duration="0.000491" asserts="1" />
      <test-case id="0-1005" name="Can not serve for placed order" fullname="ServeFoodTests.Can not serve for placed order" methodname="Can not serve for placed order" classname="ServeFoodTests" runstate="Runnable" seed="674103107" result="Passed" start-time="2017-03-17 14:25:50Z" end-time="2017-03-17 14:25:50Z" duration="0.000720" asserts="1" />
      <test-case id="0-1003" name="Can not serve non-ordered food" fullname="ServeFoodTests.Can not serve non-ordered food" methodname="Can not serve non-ordered food" classname="ServeFoodTests" runstate="Runnable" seed="1532866048" result="Passed" start-time="2017-03-17 14:25:50Z" end-time="2017-03-17 14:25:50Z" duration="0.000843" asserts="1" />
      <test-case id="0-1008" name="Can not serve with closed tab" fullname="ServeFoodTests.Can not serve with closed tab" methodname="Can not serve with closed tab" classname="ServeFoodTests" runstate="Runnable" seed="2064490583" result="Passed" start-time="2017-03-17 14:25:50Z" end-time="2017-03-17 14:25:50Z" duration="0.000494" asserts="1" />
      <test-case id="0-1002" name="Can serve only prepared food" fullname="ServeFoodTests.Can serve only prepared food" methodname="Can serve only prepared food" classname="ServeFoodTests" runstate="Runnable" seed="664096783" result="Passed" start-time="2017-03-17 14:25:50Z" end-time="2017-03-17 14:25:50Z" duration="0.000733" asserts="1" />
    </test-suite>
  </test-suite>
</test-run>