<?xml version="1.0" encoding="utf-8" standalone="no"?>
<test-run id="2" testcasecount="6" result="Passed" total="6" passed="6" failed="0" inconclusive="0" skipped="0" asserts="8" engine-version="3.6.1.0" clr-version="4.0.30319.42000" start-time="2017-03-12 14:06:05Z" end-time="2017-03-12 14:06:07Z" duration="1.219419">
  <command-line><![CDATA["packages/NUnit.ConsoleRunner/tools/nunit3-console.exe" "--noheader" "D:\Work\Training\CafeApp\tests\CafeApp.Core.Tests.dll" ]]></command-line>
  <test-suite type="Assembly" id="0-1008" name="CafeApp.Core.Tests.dll" fullname="D:\Work\Training\CafeApp\tests\CafeApp.Core.Tests.dll" runstate="Runnable" testcasecount="6" result="Passed" start-time="2017-03-12 14:06:06Z" end-time="2017-03-12 14:06:07Z" duration="0.362062" total="6" passed="6" failed="0" warnings="0" inconclusive="0" skipped="0" asserts="8">
    <environment framework-version="3.6.0.0" clr-version="4.0.30319.42000" os-version="Microsoft Windows NT 10.0.15048.0" platform="Win32NT" cwd="D:\Work\Training\CafeApp" machine-name="ODIN" user="odind" user-domain="ODIN" culture="ru-BY" uiculture="ru-RU" os-architecture="x64" />
    <settings>
      <setting name="DisposeRunners" value="True" />
      <setting name="WorkDirectory" value="D:\Work\Training\CafeApp" />
      <setting name="ImageRuntimeVersion" value="4.0.30319" />
      <setting name="ImageTargetFrameworkName" value=".NETFramework,Version=v4.5.2" />
      <setting name="ImageRequiresX86" value="False" />
      <setting name="ImageRequiresDefaultAppDomainAssemblyResolver" value="False" />
      <setting name="NumberOfTestWorkers" value="8" />
    </settings>
    <properties>
      <property name="_PID" value="25508" />
      <property name="_APPDOMAIN" value="domain-" />
    </properties>
    <test-suite type="TestFixture" id="0-1005" name="OpenTabTests" fullname="OpenTabTests" classname="OpenTabTests" runstate="Runnable" testcasecount="2" result="Passed" start-time="2017-03-12 14:06:06Z" end-time="2017-03-12 14:06:06Z" duration="0.149054" total="2" passed="2" failed="0" warnings="0" inconclusive="0" skipped="0" asserts="3">
      <test-case id="0-1006" name="Can Open a new Tab" fullname="OpenTabTests.Can Open a new Tab" methodname="Can Open a new Tab" classname="OpenTabTests" runstate="Runnable" seed="1631428790" result="Passed" start-time="2017-03-12 14:06:06Z" end-time="2017-03-12 14:06:06Z" duration="0.093723" asserts="2" />
      <test-case id="0-1007" name="Cannot open an already Opened tab" fullname="OpenTabTests.Cannot open an already Opened tab" methodname="Cannot open an already Opened tab" classname="OpenTabTests" runstate="Runnable" seed="1547591338" result="Passed" start-time="2017-03-12 14:06:06Z" end-time="2017-03-12 14:06:06Z" duration="0.002434" asserts="1" />
    </test-suite>
    <test-suite type="TestFixture" id="0-1000" name="PlaceOrderTests" fullname="PlaceOrderTests" classname="PlaceOrderTests" runstate="Runnable" testcasecount="4" result="Passed" start-time="2017-03-12 14:06:06Z" end-time="2017-03-12 14:06:07Z" duration="0.131567" total="4" passed="4" failed="0" warnings="0" inconclusive="0" skipped="0" asserts="5">
      <test-case id="0-1002" name="Can not place empty order" fullname="PlaceOrderTests.Can not place empty order" methodname="Can not place empty order" classname="PlaceOrderTests" runstate="Runnable" seed="673928229" result="Passed" start-time="2017-03-12 14:06:06Z" end-time="2017-03-12 14:06:06Z" duration="0.003193" asserts="1" />
      <test-case id="0-1004" name="Can not place order multiple times" fullname="PlaceOrderTests.Can not place order multiple times" methodname="Can not place order multiple times" classname="PlaceOrderTests" runstate="Runnable" seed="1089793612" result="Passed" start-time="2017-03-12 14:06:06Z" end-time="2017-03-12 14:06:06Z" duration="0.001220" asserts="1" />
      <test-case id="0-1003" name="Can not place order with a closed tab" fullname="PlaceOrderTests.Can not place order with a closed tab" methodname="Can not place order with a closed tab" classname="PlaceOrderTests" runstate="Runnable" seed="399967952" result="Passed" start-time="2017-03-12 14:06:06Z" end-time="2017-03-12 14:06:06Z" duration="0.001044" asserts="1" />
      <test-case id="0-1001" name="Can place drinks order" fullname="PlaceOrderTests.Can place drinks order" methodname="Can place drinks order" classname="PlaceOrderTests" runstate="Runnable" seed="1590446822" result="Passed" start-time="2017-03-12 14:06:07Z" end-time="2017-03-12 14:06:07Z" duration="0.004529" asserts="2" />
    </test-suite>
  </test-suite>
</test-run>