<?xml version="1.0" encoding="utf-8" standalone="no"?>
<test-run id="2" testcasecount="31" result="Passed" total="31" passed="31" failed="0" inconclusive="0" skipped="0" asserts="40" engine-version="3.6.1.0" clr-version="4.0.30319.42000" start-time="2017-04-04 09:27:35Z" end-time="2017-04-04 09:27:36Z" duration="1.212883">
  <command-line><![CDATA["packages/NUnit.ConsoleRunner/tools/nunit3-console.exe" "--noheader" "D:\Work\Training\CafeApp\tests\CafeApp.Core.Tests.dll" ]]></command-line>
  <test-suite type="Assembly" id="0-1037" name="CafeApp.Core.Tests.dll" fullname="D:\Work\Training\CafeApp\tests\CafeApp.Core.Tests.dll" runstate="Runnable" testcasecount="31" result="Passed" start-time="2017-04-04 09:27:36Z" end-time="2017-04-04 09:27:36Z" duration="0.305335" total="31" passed="31" failed="0" warnings="0" inconclusive="0" skipped="0" asserts="40">
    <environment framework-version="3.6.0.0" clr-version="4.0.30319.42000" os-version="Microsoft Windows NT 10.0.15063.0" platform="Win32NT" cwd="D:\Work\Training\CafeApp" machine-name="ODIN" user="odind" user-domain="ODIN" culture="ru-BY" uiculture="ru-RU" os-architecture="x64" />
    <settings>
      <setting name="DisposeRunners" value="True" />
      <setting name="WorkDirectory" value="D:\Work\Training\CafeApp" />
      <setting name="ImageRuntimeVersion" value="4.0.30319" />
      <setting name="ImageTargetFrameworkName" value=".NETFramework,Version=v4.6.2" />
      <setting name="ImageRequiresX86" value="False" />
      <setting name="ImageRequiresDefaultAppDomainAssemblyResolver" value="False" />
      <setting name="NumberOfTestWorkers" value="8" />
    </settings>
    <properties>
      <property name="_PID" value="13504" />
      <property name="_APPDOMAIN" value="domain-" />
    </properties>
    <test-suite type="TestFixture" id="0-1032" name="CloseTabTests" fullname="CloseTabTests" classname="CloseTabTests" runstate="Runnable" testcasecount="1" result="Passed" start-time="2017-04-04 09:27:36Z" end-time="2017-04-04 09:27:36Z" duration="0.100623" total="1" passed="1" failed="0" warnings="0" inconclusive="0" skipped="0" asserts="2">
      <test-case id="0-1033" name="Can close the tab by paying full amount" fullname="CloseTabTests.Can close the tab by paying full amount" methodname="Can close the tab by paying full amount" classname="CloseTabTests" runstate="Runnable" seed="525318214" result="Passed" start-time="2017-04-04 09:27:36Z" end-time="2017-04-04 09:27:36Z" duration="0.086709" asserts="2" />
    </test-suite>
    <test-suite type="TestFixture" id="0-1034" name="OpenTabTests" fullname="OpenTabTests" classname="OpenTabTests" runstate="Runnable" testcasecount="2" result="Passed" start-time="2017-04-04 09:27:36Z" end-time="2017-04-04 09:27:36Z" duration="0.014017" total="2" passed="2" failed="0" warnings="0" inconclusive="0" skipped="0" asserts="3">
      <test-case id="0-1035" name="Can Open a new Tab" fullname="OpenTabTests.Can Open a new Tab" methodname="Can Open a new Tab" classname="OpenTabTests" runstate="Runnable" seed="1728060841" result="Passed" start-time="2017-04-04 09:27:36Z" end-time="2017-04-04 09:27:36Z" duration="0.004351" asserts="2" />
      <test-case id="0-1036" name="Cannot open an already Opened tab" fullname="OpenTabTests.Cannot open an already Opened tab" methodname="Cannot open an already Opened tab" classname="OpenTabTests" runstate="Runnable" seed="20752778" result="Passed" start-time="2017-04-04 09:27:36Z" end-time="2017-04-04 09:27:36Z" duration="0.002105" asserts="1" />
    </test-suite>
    <test-suite type="TestFixture" id="0-1027" name="PlaceOrderTests" fullname="PlaceOrderTests" classname="PlaceOrderTests" runstate="Runnable" testcasecount="4" result="Passed" start-time="2017-04-04 09:27:36Z" end-time="2017-04-04 09:27:36Z" duration="0.019012" total="4" passed="4" failed="0" warnings="0" inconclusive="0" skipped="0" asserts="5">
      <test-case id="0-1029" name="Can not place empty order" fullname="PlaceOrderTests.Can not place empty order" methodname="Can not place empty order" classname="PlaceOrderTests" runstate="Runnable" seed="547179118" result="Passed" start-time="2017-04-04 09:27:36Z" end-time="2017-04-04 09:27:36Z" duration="0.001598" asserts="1" />
      <test-case id="0-1031" name="Can not place order multiple times" fullname="PlaceOrderTests.Can not place order multiple times" methodname="Can not place order multiple times" classname="PlaceOrderTests" runstate="Runnable" seed="1588124542" result="Passed" start-time="2017-04-04 09:27:36Z" end-time="2017-04-04 09:27:36Z" duration="0.000679" asserts="1" />
      <test-case id="0-1030" name="Can not place order with a closed tab" fullname="PlaceOrderTests.Can not place order with a closed tab" methodname="Can not place order with a closed tab" classname="PlaceOrderTests" runstate="Runnable" seed="1345730384" result="Passed" start-time="2017-04-04 09:27:36Z" end-time="2017-04-04 09:27:36Z" duration="0.000412" asserts="1" />
      <test-case id="0-1028" name="Can place drinks order" fullname="PlaceOrderTests.Can place drinks order" methodname="Can place drinks order" classname="PlaceOrderTests" runstate="Runnable" seed="1140129858" result="Passed" start-time="2017-04-04 09:27:36Z" end-time="2017-04-04 09:27:36Z" duration="0.002419" asserts="2" />
    </test-suite>
    <test-suite type="TestFixture" id="0-1009" name="PrepareFoodTests" fullname="PrepareFoodTests" classname="PrepareFoodTests" runstate="Runnable" testcasecount="7" result="Passed" start-time="2017-04-04 09:27:36Z" end-time="2017-04-04 09:27:36Z" duration="0.036023" total="7" passed="7" failed="0" warnings="0" inconclusive="0" skipped="0" asserts="9">
      <test-case id="0-1012" name="Can not prepare a food for served order" fullname="PrepareFoodTests.Can not prepare a food for served order" methodname="Can not prepare a food for served order" classname="PrepareFoodTests" runstate="Runnable" seed="842279003" result="Passed" start-time="2017-04-04 09:27:36Z" end-time="2017-04-04 09:27:36Z" duration="0.002046" asserts="1" />
      <test-case id="0-1011" name="Can not prepare a non-ordered food" fullname="PrepareFoodTests.Can not prepare a non-ordered food" methodname="Can not prepare a non-ordered food" classname="PrepareFoodTests" runstate="Runnable" seed="1199502591" result="Passed" start-time="2017-04-04 09:27:36Z" end-time="2017-04-04 09:27:36Z" duration="0.005713" asserts="1" />
      <test-case id="0-1016" name="Can not prepare already prepared food during order in progress" fullname="PrepareFoodTests.Can not prepare already prepared food during order in progress" methodname="Can not prepare already prepared food during order in progress" classname="PrepareFoodTests" runstate="Runnable" seed="176871712" result="Passed" start-time="2017-04-04 09:27:36Z" end-time="2017-04-04 09:27:36Z" duration="0.002518" asserts="1" />
      <test-case id="0-1015" name="Can not prepare non-ordered food during order in progress" fullname="PrepareFoodTests.Can not prepare non-ordered food during order in progress" methodname="Can not prepare non-ordered food during order in progress" classname="PrepareFoodTests" runstate="Runnable" seed="616172734" result="Passed" start-time="2017-04-04 09:27:36Z" end-time="2017-04-04 09:27:36Z" duration="0.000478" asserts="1" />
      <test-case id="0-1013" name="Can not prepare with closed tab" fullname="PrepareFoodTests.Can not prepare with closed tab" methodname="Can not prepare with closed tab" classname="PrepareFoodTests" runstate="Runnable" seed="1915643056" result="Passed" start-time="2017-04-04 09:27:36Z" end-time="2017-04-04 09:27:36Z" duration="0.000457" asserts="1" />
      <test-case id="0-1010" name="Can Prepare Food" fullname="PrepareFoodTests.Can Prepare Food" methodname="Can Prepare Food" classname="PrepareFoodTests" runstate="Runnable" seed="915687887" result="Passed" start-time="2017-04-04 09:27:36Z" end-time="2017-04-04 09:27:36Z" duration="0.001118" asserts="2" />
      <test-case id="0-1014" name="Can prepare food during order in progress" fullname="PrepareFoodTests.Can prepare food during order in progress" methodname="Can prepare food during order in progress" classname="PrepareFoodTests" runstate="Runnable" seed="814214828" result="Passed" start-time="2017-04-04 09:27:36Z" end-time="2017-04-04 09:27:36Z" duration="0.000969" asserts="2" />
    </test-suite>
    <test-suite type="TestFixture" id="0-1017" name="ServeDrinkTests" fullname="ServeDrinkTests" classname="ServeDrinkTests" runstate="Runnable" testcasecount="9" result="Passed" start-time="2017-04-04 09:27:36Z" end-time="2017-04-04 09:27:36Z" duration="0.057842" total="9" passed="9" failed="0" warnings="0" inconclusive="0" skipped="0" asserts="12">
      <test-case id="0-1026" name="Can not serve an already served drinks" fullname="ServeDrinkTests.Can not serve an already served drinks" methodname="Can not serve an already served drinks" classname="ServeDrinkTests" runstate="Runnable" seed="1433027892" result="Passed" start-time="2017-04-04 09:27:36Z" end-time="2017-04-04 09:27:36Z" duration="0.006369" asserts="1" />
      <test-case id="0-1020" name="Can not serve drink for already served order" fullname="ServeDrinkTests.Can not serve drink for already served order" methodname="Can not serve drink for already served order" classname="ServeDrinkTests" runstate="Runnable" seed="1759848677" result="Passed" start-time="2017-04-04 09:27:36Z" end-time="2017-04-04 09:27:36Z" duration="0.000668" asserts="1" />
      <test-case id="0-1021" name="Can not serve drink for non placed order" fullname="ServeDrinkTests.Can not serve drink for non placed order" methodname="Can not serve drink for non placed order" classname="ServeDrinkTests" runstate="Runnable" seed="47077904" result="Passed" start-time="2017-04-04 09:27:36Z" end-time="2017-04-04 09:27:36Z" duration="0.000577" asserts="1" />
      <test-case id="0-1019" name="Can not serve non ordered drink" fullname="ServeDrinkTests.Can not serve non ordered drink" methodname="Can not serve non ordered drink" classname="ServeDrinkTests" runstate="Runnable" seed="1926012315" result="Passed" start-time="2017-04-04 09:27:36Z" end-time="2017-04-04 09:27:36Z" duration="0.000853" asserts="1" />
      <test-case id="0-1025" name="Can not serve non ordered drinks during order in progress " fullname="ServeDrinkTests.Can not serve non ordered drinks during order in progress " methodname="Can not serve non ordered drinks during order in progress " classname="ServeDrinkTests" runstate="Runnable" seed="1887356269" result="Passed" start-time="2017-04-04 09:27:36Z" end-time="2017-04-04 09:27:36Z" duration="0.000669" asserts="1" />
      <test-case id="0-1022" name="Can not serve with closed tab" fullname="ServeDrinkTests.Can not serve with closed tab" methodname="Can not serve with closed tab" classname="ServeDrinkTests" runstate="Runnable" seed="1352731881" result="Passed" start-time="2017-04-04 09:27:36Z" end-time="2017-04-04 09:27:36Z" duration="0.000352" asserts="1" />
      <test-case id="0-1018" name="Can Serve Drink" fullname="ServeDrinkTests.Can Serve Drink" methodname="Can Serve Drink" classname="ServeDrinkTests" runstate="Runnable" seed="1894823143" result="Passed" start-time="2017-04-04 09:27:36Z" end-time="2017-04-04 09:27:36Z" duration="0.001190" asserts="2" />
      <test-case id="0-1023" name="Can serve drinks for order containing only one drinks" fullname="ServeDrinkTests.Can serve drinks for order containing only one drinks" methodname="Can serve drinks for order containing only one drinks" classname="ServeDrinkTests" runstate="Runnable" seed="969117649" result="Passed" start-time="2017-04-04 09:27:36Z" end-time="2017-04-04 09:27:36Z" duration="0.001390" asserts="2" />
      <test-case id="0-1024" name="Remain in order in progress while serving drink" fullname="ServeDrinkTests.Remain in order in progress while serving drink" methodname="Remain in order in progress while serving drink" classname="ServeDrinkTests" runstate="Runnable" seed="1149959792" result="Passed" start-time="2017-04-04 09:27:36Z" end-time="2017-04-04 09:27:36Z" duration="0.014433" asserts="2" />
    </test-suite>
    <test-suite type="TestFixture" id="0-1000" name="ServeFoodTests" fullname="ServeFoodTests" classname="ServeFoodTests" runstate="Runnable" testcasecount="8" result="Passed" start-time="2017-04-04 09:27:36Z" end-time="2017-04-04 09:27:36Z" duration="0.035066" total="8" passed="8" failed="0" warnings="0" inconclusive="0" skipped="0" asserts="9">
      <test-case id="0-1001" name="Can maintain the order in progress state by serving food" fullname="ServeFoodTests.Can maintain the order in progress state by serving food" methodname="Can maintain the order in progress state by serving food" classname="ServeFoodTests" runstate="Runnable" seed="1530927107" result="Passed" start-time="2017-04-04 09:27:36Z" end-time="2017-04-04 09:27:36Z" duration="0.005639" asserts="2" />
      <test-case id="0-1004" name="Can not serve already served food" fullname="ServeFoodTests.Can not serve already served food" methodname="Can not serve already served food" classname="ServeFoodTests" runstate="Runnable" seed="1837222405" result="Passed" start-time="2017-04-04 09:27:36Z" end-time="2017-04-04 09:27:36Z" duration="0.000773" asserts="1" />
      <test-case id="0-1007" name="Can not serve for already served order" fullname="ServeFoodTests.Can not serve for already served order" methodname="Can not serve for already served order" classname="ServeFoodTests" runstate="Runnable" seed="1600722785" result="Passed" start-time="2017-04-04 09:27:36Z" end-time="2017-04-04 09:27:36Z" duration="0.000289" asserts="1" />
      <test-case id="0-1006" name="Can not serve for non placed order" fullname="ServeFoodTests.Can not serve for non placed order" methodname="Can not serve for non placed order" classname="ServeFoodTests" runstate="Runnable" seed="1936344844" result="Passed" start-time="2017-04-04 09:27:36Z" end-time="2017-04-04 09:27:36Z" duration="0.000284" asserts="1" />
      <test-case id="0-1005" name="Can not serve for placed order" fullname="ServeFoodTests.Can not serve for placed order" methodname="Can not serve for placed order" classname="ServeFoodTests" runstate="Runnable" seed="1138780837" result="Passed" start-time="2017-04-04 09:27:36Z" end-time="2017-04-04 09:27:36Z" duration="0.000516" asserts="1" />
      <test-case id="0-1003" name="Can not serve non-ordered food" fullname="ServeFoodTests.Can not serve non-ordered food" methodname="Can not serve non-ordered food" classname="ServeFoodTests" runstate="Runnable" seed="1313161291" result="Passed" start-time="2017-04-04 09:27:36Z" end-time="2017-04-04 09:27:36Z" duration="0.000813" asserts="1" />
      <test-case id="0-1008" name="Can not serve with closed tab" fullname="ServeFoodTests.Can not serve with closed tab" methodname="Can not serve with closed tab" classname="ServeFoodTests" runstate="Runnable" seed="877101728" result="Passed" start-time="2017-04-04 09:27:36Z" end-time="2017-04-04 09:27:36Z" duration="0.000317" asserts="1" />
      <test-case id="0-1002" name="Can serve only prepared food" fullname="ServeFoodTests.Can serve only prepared food" methodname="Can serve only prepared food" classname="ServeFoodTests" runstate="Runnable" seed="609992906" result="Passed" start-time="2017-04-04 09:27:36Z" end-time="2017-04-04 09:27:36Z" duration="0.000525" asserts="1" />
    </test-suite>
  </test-suite>
</test-run>