<?xml version="1.0" encoding="utf-8" standalone="no"?>
<test-run id="2" testcasecount="30" result="Passed" total="30" passed="30" failed="0" inconclusive="0" skipped="0" asserts="38" engine-version="3.6.1.0" clr-version="4.0.30319.42000" start-time="2017-03-15 08:27:10Z" end-time="2017-03-15 08:27:11Z" duration="0.866816">
  <command-line><![CDATA["packages/NUnit.ConsoleRunner/tools/nunit3-console.exe" "--noheader" "D:\My\Training\CafeApp\FsCafeApp\tests\CafeApp.Core.Tests.dll" ]]></command-line>
  <test-suite type="Assembly" id="0-1035" name="CafeApp.Core.Tests.dll" fullname="D:\My\Training\CafeApp\FsCafeApp\tests\CafeApp.Core.Tests.dll" runstate="Runnable" testcasecount="30" result="Passed" start-time="2017-03-15 08:27:10Z" end-time="2017-03-15 08:27:11Z" duration="0.264226" total="30" passed="30" failed="0" warnings="0" inconclusive="0" skipped="0" asserts="38">
    <environment framework-version="3.6.0.0" clr-version="4.0.30319.42000" os-version="Microsoft Windows NT 10.0.14986.0" platform="Win32NT" cwd="D:\My\Training\CafeApp\FsCafeApp" machine-name="SHCHUR-V" user="shchur_v" user-domain="BELITGROUP" culture="ru-RU" uiculture="en-US" os-architecture="x64" />
    <settings>
      <setting name="DisposeRunners" value="True" />
      <setting name="WorkDirectory" value="D:\My\Training\CafeApp\FsCafeApp" />
      <setting name="ImageRuntimeVersion" value="4.0.30319" />
      <setting name="ImageTargetFrameworkName" value=".NETFramework,Version=v4.5.2" />
      <setting name="ImageRequiresX86" value="False" />
      <setting name="ImageRequiresDefaultAppDomainAssemblyResolver" value="False" />
      <setting name="NumberOfTestWorkers" value="4" />
    </settings>
    <properties>
      <property name="_PID" value="13072" />
      <property name="_APPDOMAIN" value="domain-" />
    </properties>
    <test-suite type="TestFixture" id="0-1032" name="OpenTabTests" fullname="OpenTabTests" classname="OpenTabTests" runstate="Runnable" testcasecount="2" result="Passed" start-time="2017-03-15 08:27:10Z" end-time="2017-03-15 08:27:11Z" duration="0.090329" total="2" passed="2" failed="0" warnings="0" inconclusive="0" skipped="0" asserts="3">
      <test-case id="0-1033" name="Can Open a new Tab" fullname="OpenTabTests.Can Open a new Tab" methodname="Can Open a new Tab" classname="OpenTabTests" runstate="Runnable" seed="745253785" result="Passed" start-time="2017-03-15 08:27:10Z" end-time="2017-03-15 08:27:11Z" duration="0.071342" asserts="2" />
      <test-case id="0-1034" name="Cannot open an already Opened tab" fullname="OpenTabTests.Cannot open an already Opened tab" methodname="Cannot open an already Opened tab" classname="OpenTabTests" runstate="Runnable" seed="667071889" result="Passed" start-time="2017-03-15 08:27:11Z" end-time="2017-03-15 08:27:11Z" duration="0.002320" asserts="1" />
    </test-suite>
    <test-suite type="TestFixture" id="0-1027" name="PlaceOrderTests" fullname="PlaceOrderTests" classname="PlaceOrderTests" runstate="Runnable" testcasecount="4" result="Passed" start-time="2017-03-15 08:27:11Z" end-time="2017-03-15 08:27:11Z" duration="0.020023" total="4" passed="4" failed="0" warnings="0" inconclusive="0" skipped="0" asserts="5">
      <test-case id="0-1029" name="Can not place empty order" fullname="PlaceOrderTests.Can not place empty order" methodname="Can not place empty order" classname="PlaceOrderTests" runstate="Runnable" seed="1077285943" result="Passed" start-time="2017-03-15 08:27:11Z" end-time="2017-03-15 08:27:11Z" duration="0.001805" asserts="1" />
      <test-case id="0-1031" name="Can not place order multiple times" fullname="PlaceOrderTests.Can not place order multiple times" methodname="Can not place order multiple times" classname="PlaceOrderTests" runstate="Runnable" seed="300870972" result="Passed" start-time="2017-03-15 08:27:11Z" end-time="2017-03-15 08:27:11Z" duration="0.000989" asserts="1" />
      <test-case id="0-1030" name="Can not place order with a closed tab" fullname="PlaceOrderTests.Can not place order with a closed tab" methodname="Can not place order with a closed tab" classname="PlaceOrderTests" runstate="Runnable" seed="2057308425" result="Passed" start-time="2017-03-15 08:27:11Z" end-time="2017-03-15 08:27:11Z" duration="0.000628" asserts="1" />
      <test-case id="0-1028" name="Can place drinks order" fullname="PlaceOrderTests.Can place drinks order" methodname="Can place drinks order" classname="PlaceOrderTests" runstate="Runnable" seed="1226560030" result="Passed" start-time="2017-03-15 08:27:11Z" end-time="2017-03-15 08:27:11Z" duration="0.002634" asserts="2" />
    </test-suite>
    <test-suite type="TestFixture" id="0-1009" name="PrepareFoodTests" fullname="PrepareFoodTests" classname="PrepareFoodTests" runstate="Runnable" testcasecount="7" result="Passed" start-time="2017-03-15 08:27:11Z" end-time="2017-03-15 08:27:11Z" duration="0.035017" total="7" passed="7" failed="0" warnings="0" inconclusive="0" skipped="0" asserts="9">
      <test-case id="0-1012" name="Can not prepare a food for served order" fullname="PrepareFoodTests.Can not prepare a food for served order" methodname="Can not prepare a food for served order" classname="PrepareFoodTests" runstate="Runnable" seed="1226955965" result="Passed" start-time="2017-03-15 08:27:11Z" end-time="2017-03-15 08:27:11Z" duration="0.002429" asserts="1" />
      <test-case id="0-1011" name="Can not prepare a non-ordered food" fullname="PrepareFoodTests.Can not prepare a non-ordered food" methodname="Can not prepare a non-ordered food" classname="PrepareFoodTests" runstate="Runnable" seed="1057755025" result="Passed" start-time="2017-03-15 08:27:11Z" end-time="2017-03-15 08:27:11Z" duration="0.005188" asserts="1" />
      <test-case id="0-1016" name="Can not prepare already prepared food during order in progress" fullname="PrepareFoodTests.Can not prepare already prepared food during order in progress" methodname="Can not prepare already prepared food during order in progress" classname="PrepareFoodTests" runstate="Runnable" seed="2030120551" result="Passed" start-time="2017-03-15 08:27:11Z" end-time="2017-03-15 08:27:11Z" duration="0.002408" asserts="1" />
      <test-case id="0-1015" name="Can not prepare non-ordered food during order in progress" fullname="PrepareFoodTests.Can not prepare non-ordered food during order in progress" methodname="Can not prepare non-ordered food during order in progress" classname="PrepareFoodTests" runstate="Runnable" seed="231287759" result="Passed" start-time="2017-03-15 08:27:11Z" end-time="2017-03-15 08:27:11Z" duration="0.000449" asserts="1" />
      <test-case id="0-1013" name="Can not prepare with closed tab" fullname="PrepareFoodTests.Can not prepare with closed tab" methodname="Can not prepare with closed tab" classname="PrepareFoodTests" runstate="Runnable" seed="2127761536" result="Passed" start-time="2017-03-15 08:27:11Z" end-time="2017-03-15 08:27:11Z" duration="0.000399" asserts="1" />
      <test-case id="0-1010" name="Can Prepare Food" fullname="PrepareFoodTests.Can Prepare Food" methodname="Can Prepare Food" classname="PrepareFoodTests" runstate="Runnable" seed="986491454" result="Passed" start-time="2017-03-15 08:27:11Z" end-time="2017-03-15 08:27:11Z" duration="0.001045" asserts="2" />
      <test-case id="0-1014" name="Can prepare food during order in progress" fullname="PrepareFoodTests.Can prepare food during order in progress" methodname="Can prepare food during order in progress" classname="PrepareFoodTests" runstate="Runnable" seed="756828643" result="Passed" start-time="2017-03-15 08:27:11Z" end-time="2017-03-15 08:27:11Z" duration="0.000875" asserts="2" />
    </test-suite>
    <test-suite type="TestFixture" id="0-1017" name="ServeDrinkTests" fullname="ServeDrinkTests" classname="ServeDrinkTests" runstate="Runnable" testcasecount="9" result="Passed" start-time="2017-03-15 08:27:11Z" end-time="2017-03-15 08:27:11Z" duration="0.045526" total="9" passed="9" failed="0" warnings="0" inconclusive="0" skipped="0" asserts="12">
      <test-case id="0-1026" name="Can not serve an already served drinks" fullname="ServeDrinkTests.Can not serve an already served drinks" methodname="Can not serve an already served drinks" classname="ServeDrinkTests" runstate="Runnable" seed="2102530278" result="Passed" start-time="2017-03-15 08:27:11Z" end-time="2017-03-15 08:27:11Z" duration="0.005662" asserts="1" />
      <test-case id="0-1020" name="Can not serve drink for already served order" fullname="ServeDrinkTests.Can not serve drink for already served order" methodname="Can not serve drink for already served order" classname="ServeDrinkTests" runstate="Runnable" seed="1726417441" result="Passed" start-time="2017-03-15 08:27:11Z" end-time="2017-03-15 08:27:11Z" duration="0.000324" asserts="1" />
      <test-case id="0-1021" name="Can not serve drink for non placed order" fullname="ServeDrinkTests.Can not serve drink for non placed order" methodname="Can not serve drink for non placed order" classname="ServeDrinkTests" runstate="Runnable" seed="1872288281" result="Passed" start-time="2017-03-15 08:27:11Z" end-time="2017-03-15 08:27:11Z" duration="0.000375" asserts="1" />
      <test-case id="0-1019" name="Can not serve non ordered drink" fullname="ServeDrinkTests.Can not serve non ordered drink" methodname="Can not serve non ordered drink" classname="ServeDrinkTests" runstate="Runnable" seed="1968125312" result="Passed" start-time="2017-03-15 08:27:11Z" end-time="2017-03-15 08:27:11Z" duration="0.000648" asserts="1" />
      <test-case id="0-1025" name="Can not serve non ordered drinks during order in progress " fullname="ServeDrinkTests.Can not serve non ordered drinks during order in progress " methodname="Can not serve non ordered drinks during order in progress " classname="ServeDrinkTests" runstate="Runnable" seed="1618102696" result="Passed" start-time="2017-03-15 08:27:11Z" end-time="2017-03-15 08:27:11Z" duration="0.000669" asserts="1" />
      <test-case id="0-1022" name="Can not serve with closed tab" fullname="ServeDrinkTests.Can not serve with closed tab" methodname="Can not serve with closed tab" classname="ServeDrinkTests" runstate="Runnable" seed="1476763984" result="Passed" start-time="2017-03-15 08:27:11Z" end-time="2017-03-15 08:27:11Z" duration="0.000621" asserts="1" />
      <test-case id="0-1018" name="Can Serve Drink" fullname="ServeDrinkTests.Can Serve Drink" methodname="Can Serve Drink" classname="ServeDrinkTests" runstate="Runnable" seed="1284187701" result="Passed" start-time="2017-03-15 08:27:11Z" end-time="2017-03-15 08:27:11Z" duration="0.001327" asserts="2" />
      <test-case id="0-1023" name="Can serve drinks for order containing only one drinks" fullname="ServeDrinkTests.Can serve drinks for order containing only one drinks" methodname="Can serve drinks for order containing only one drinks" classname="ServeDrinkTests" runstate="Runnable" seed="1934931825" result="Passed" start-time="2017-03-15 08:27:11Z" end-time="2017-03-15 08:27:11Z" duration="0.005354" asserts="2" />
      <test-case id="0-1024" name="Remain in order in progress while serving drink" fullname="ServeDrinkTests.Remain in order in progress while serving drink" methodname="Remain in order in progress while serving drink" classname="ServeDrinkTests" runstate="Runnable" seed="1253963496" result="Passed" start-time="2017-03-15 08:27:11Z" end-time="2017-03-15 08:27:11Z" duration="0.000901" asserts="2" />
    </test-suite>
    <test-suite type="TestFixture" id="0-1000" name="ServeFoodTests" fullname="ServeFoodTests" classname="ServeFoodTests" runstate="Runnable" testcasecount="8" result="Passed" start-time="2017-03-15 08:27:11Z" end-time="2017-03-15 08:27:11Z" duration="0.035384" total="8" passed="8" failed="0" warnings="0" inconclusive="0" skipped="0" asserts="9">
      <test-case id="0-1001" name="Can maintain the order in progress state by serving food" fullname="ServeFoodTests.Can maintain the order in progress state by serving food" methodname="Can maintain the order in progress state by serving food" classname="ServeFoodTests" runstate="Runnable" seed="123018712" result="Passed" start-time="2017-03-15 08:27:11Z" end-time="2017-03-15 08:27:11Z" duration="0.005353" asserts="2" />
      <test-case id="0-1004" name="Can not serve already served food" fullname="ServeFoodTests.Can not serve already served food" methodname="Can not serve already served food" classname="ServeFoodTests" runstate="Runnable" seed="610964435" result="Passed" start-time="2017-03-15 08:27:11Z" end-time="2017-03-15 08:27:11Z" duration="0.000931" asserts="1" />
      <test-case id="0-1007" name="Can not serve for already served order" fullname="ServeFoodTests.Can not serve for already served order" methodname="Can not serve for already served order" classname="ServeFoodTests" runstate="Runnable" seed="1835989447" result="Passed" start-time="2017-03-15 08:27:11Z" end-time="2017-03-15 08:27:11Z" duration="0.000460" asserts="1" />
      <test-case id="0-1006" name="Can not serve for non placed order" fullname="ServeFoodTests.Can not serve for non placed order" methodname="Can not serve for non placed order" classname="ServeFoodTests" runstate="Runnable" seed="1293329163" result="Passed" start-time="2017-03-15 08:27:11Z" end-time="2017-03-15 08:27:11Z" duration="0.000393" asserts="1" />
      <test-case id="0-1005" name="Can not serve for placed order" fullname="ServeFoodTests.Can not serve for placed order" methodname="Can not serve for placed order" classname="ServeFoodTests" runstate="Runnable" seed="298745393" result="Passed" start-time="2017-03-15 08:27:11Z" end-time="2017-03-15 08:27:11Z" duration="0.000672" asserts="1" />
      <test-case id="0-1003" name="Can not serve non-ordered food" fullname="ServeFoodTests.Can not serve non-ordered food" methodname="Can not serve non-ordered food" classname="ServeFoodTests" runstate="Runnable" seed="388614008" result="Passed" start-time="2017-03-15 08:27:11Z" end-time="2017-03-15 08:27:11Z" duration="0.000860" asserts="1" />
      <test-case id="0-1008" name="Can not serve with closed tab" fullname="ServeFoodTests.Can not serve with closed tab" methodname="Can not serve with closed tab" classname="ServeFoodTests" runstate="Runnable" seed="1846144857" result="Passed" start-time="2017-03-15 08:27:11Z" end-time="2017-03-15 08:27:11Z" duration="0.000451" asserts="1" />
      <test-case id="0-1002" name="Can serve only prepared food" fullname="ServeFoodTests.Can serve only prepared food" methodname="Can serve only prepared food" classname="ServeFoodTests" runstate="Runnable" seed="1923658424" result="Passed" start-time="2017-03-15 08:27:11Z" end-time="2017-03-15 08:27:11Z" duration="0.000683" asserts="1" />
    </test-suite>
  </test-suite>
</test-run>