<?xml version="1.0" encoding="utf-8" standalone="no"?>
<test-run id="2" testcasecount="12" result="Passed" total="12" passed="12" failed="0" inconclusive="0" skipped="0" asserts="16" engine-version="3.6.1.0" clr-version="4.0.30319.42000" start-time="2017-03-13 08:00:52Z" end-time="2017-03-13 08:00:53Z" duration="1.055189">
  <command-line><![CDATA["packages/NUnit.ConsoleRunner/tools/nunit3-console.exe" "--noheader" "D:\Work\Training\CafeApp\tests\CafeApp.Core.Tests.dll" ]]></command-line>
  <test-suite type="Assembly" id="0-1015" name="CafeApp.Core.Tests.dll" fullname="D:\Work\Training\CafeApp\tests\CafeApp.Core.Tests.dll" runstate="Runnable" testcasecount="12" result="Passed" start-time="2017-03-13 08:00:53Z" end-time="2017-03-13 08:00:53Z" duration="0.185074" total="12" passed="12" failed="0" warnings="0" inconclusive="0" skipped="0" asserts="16">
    <environment framework-version="3.6.0.0" clr-version="4.0.30319.42000" os-version="Microsoft Windows NT 10.0.15048.0" platform="Win32NT" cwd="D:\Work\Training\CafeApp" machine-name="ODIN" user="odind" user-domain="ODIN" culture="ru-BY" uiculture="ru-RU" os-architecture="x64" />
    <settings>
      <setting name="DisposeRunners" value="True" />
      <setting name="WorkDirectory" value="D:\Work\Training\CafeApp" />
      <setting name="ImageRuntimeVersion" value="4.0.30319" />
      <setting name="ImageTargetFrameworkName" value=".NETFramework,Version=v4.5.2" />
      <setting name="ImageRequiresX86" value="False" />
      <setting name="ImageRequiresDefaultAppDomainAssemblyResolver" value="False" />
      <setting name="NumberOfTestWorkers" value="8" />
    </settings>
    <properties>
      <property name="_PID" value="2564" />
      <property name="_APPDOMAIN" value="domain-" />
    </properties>
    <test-suite type="TestFixture" id="0-1012" name="OpenTabTests" fullname="OpenTabTests" classname="OpenTabTests" runstate="Runnable" testcasecount="2" result="Passed" start-time="2017-03-13 08:00:53Z" end-time="2017-03-13 08:00:53Z" duration="0.091881" total="2" passed="2" failed="0" warnings="0" inconclusive="0" skipped="0" asserts="3">
      <test-case id="0-1013" name="Can Open a new Tab" fullname="OpenTabTests.Can Open a new Tab" methodname="Can Open a new Tab" classname="OpenTabTests" runstate="Runnable" seed="200654303" result="Passed" start-time="2017-03-13 08:00:53Z" end-time="2017-03-13 08:00:53Z" duration="0.073266" asserts="2" />
      <test-case id="0-1014" name="Cannot open an already Opened tab" fullname="OpenTabTests.Cannot open an already Opened tab" methodname="Cannot open an already Opened tab" classname="OpenTabTests" runstate="Runnable" seed="1296023167" result="Passed" start-time="2017-03-13 08:00:53Z" end-time="2017-03-13 08:00:53Z" duration="0.002283" asserts="1" />
    </test-suite>
    <test-suite type="TestFixture" id="0-1007" name="PlaceOrderTests" fullname="PlaceOrderTests" classname="PlaceOrderTests" runstate="Runnable" testcasecount="4" result="Passed" start-time="2017-03-13 08:00:53Z" end-time="2017-03-13 08:00:53Z" duration="0.021563" total="4" passed="4" failed="0" warnings="0" inconclusive="0" skipped="0" asserts="5">
      <test-case id="0-1009" name="Can not place empty order" fullname="PlaceOrderTests.Can not place empty order" methodname="Can not place empty order" classname="PlaceOrderTests" runstate="Runnable" seed="1808713625" result="Passed" start-time="2017-03-13 08:00:53Z" end-time="2017-03-13 08:00:53Z" duration="0.004877" asserts="1" />
      <test-case id="0-1011" name="Can not place order multiple times" fullname="PlaceOrderTests.Can not place order multiple times" methodname="Can not place order multiple times" classname="PlaceOrderTests" runstate="Runnable" seed="961674062" result="Passed" start-time="2017-03-13 08:00:53Z" end-time="2017-03-13 08:00:53Z" duration="0.001261" asserts="1" />
      <test-case id="0-1010" name="Can not place order with a closed tab" fullname="PlaceOrderTests.Can not place order with a closed tab" methodname="Can not place order with a closed tab" classname="PlaceOrderTests" runstate="Runnable" seed="1733937835" result="Passed" start-time="2017-03-13 08:00:53Z" end-time="2017-03-13 08:00:53Z" duration="0.000501" asserts="1" />
      <test-case id="0-1008" name="Can place drinks order" fullname="PlaceOrderTests.Can place drinks order" methodname="Can place drinks order" classname="PlaceOrderTests" runstate="Runnable" seed="1583158422" result="Passed" start-time="2017-03-13 08:00:53Z" end-time="2017-03-13 08:00:53Z" duration="0.002786" asserts="2" />
    </test-suite>
    <test-suite type="TestFixture" id="0-1000" name="ServeDrinkTests" fullname="ServeDrinkTests" classname="ServeDrinkTests" runstate="Runnable" testcasecount="6" result="Passed" start-time="2017-03-13 08:00:53Z" end-time="2017-03-13 08:00:53Z" duration="0.037087" total="6" passed="6" failed="0" warnings="0" inconclusive="0" skipped="0" asserts="8">
      <test-case id="0-1003" name="Can not serve drink for already served order" fullname="ServeDrinkTests.Can not serve drink for already served order" methodname="Can not serve drink for already served order" classname="ServeDrinkTests" runstate="Runnable" seed="1664258500" result="Passed" start-time="2017-03-13 08:00:53Z" end-time="2017-03-13 08:00:53Z" duration="0.002374" asserts="1" />
      <test-case id="0-1004" name="Can not serve drink for non placed order" fullname="ServeDrinkTests.Can not serve drink for non placed order" methodname="Can not serve drink for non placed order" classname="ServeDrinkTests" runstate="Runnable" seed="513854896" result="Passed" start-time="2017-03-13 08:00:53Z" end-time="2017-03-13 08:00:53Z" duration="0.000418" asserts="1" />
      <test-case id="0-1002" name="Can not serve non ordered drink" fullname="ServeDrinkTests.Can not serve non ordered drink" methodname="Can not serve non ordered drink" classname="ServeDrinkTests" runstate="Runnable" seed="1289974066" result="Passed" start-time="2017-03-13 08:00:53Z" end-time="2017-03-13 08:00:53Z" duration="0.004296" asserts="1" />
      <test-case id="0-1005" name="Can not serve with closed tab" fullname="ServeDrinkTests.Can not serve with closed tab" methodname="Can not serve with closed tab" classname="ServeDrinkTests" runstate="Runnable" seed="1088576911" result="Passed" start-time="2017-03-13 08:00:53Z" end-time="2017-03-13 08:00:53Z" duration="0.000415" asserts="1" />
      <test-case id="0-1001" name="Can Serve Drink" fullname="ServeDrinkTests.Can Serve Drink" methodname="Can Serve Drink" classname="ServeDrinkTests" runstate="Runnable" seed="1172372911" result="Passed" start-time="2017-03-13 08:00:53Z" end-time="2017-03-13 08:00:53Z" duration="0.002473" asserts="2" />
      <test-case id="0-1006" name="Can serve drinks for order containing only one drinks" fullname="ServeDrinkTests.Can serve drinks for order containing only one drinks" methodname="Can serve drinks for order containing only one drinks" classname="ServeDrinkTests" runstate="Runnable" seed="1919762331" result="Passed" start-time="2017-03-13 08:00:53Z" end-time="2017-03-13 08:00:53Z" duration="0.005695" asserts="2" />
    </test-suite>
  </test-suite>
</test-run>