<?xml version="1.0" encoding="utf-8" standalone="no"?>
<test-run id="2" testcasecount="16" result="Passed" total="16" passed="16" failed="0" inconclusive="0" skipped="0" asserts="21" engine-version="3.6.1.0" clr-version="4.0.30319.42000" start-time="2017-03-14 15:45:07Z" end-time="2017-03-14 15:45:08Z" duration="1.027169">
  <command-line><![CDATA["packages/NUnit.ConsoleRunner/tools/nunit3-console.exe" "--noheader" "D:\Work\Training\CafeApp\tests\CafeApp.Core.Tests.dll" ]]></command-line>
  <test-suite type="Assembly" id="0-1020" name="CafeApp.Core.Tests.dll" fullname="D:\Work\Training\CafeApp\tests\CafeApp.Core.Tests.dll" runstate="Runnable" testcasecount="16" result="Passed" start-time="2017-03-14 15:45:08Z" end-time="2017-03-14 15:45:08Z" duration="0.193842" total="16" passed="16" failed="0" warnings="0" inconclusive="0" skipped="0" asserts="21">
    <environment framework-version="3.6.0.0" clr-version="4.0.30319.42000" os-version="Microsoft Windows NT 10.0.15048.0" platform="Win32NT" cwd="D:\Work\Training\CafeApp" machine-name="ODIN" user="odind" user-domain="ODIN" culture="ru-BY" uiculture="ru-RU" os-architecture="x64" />
    <settings>
      <setting name="DisposeRunners" value="True" />
      <setting name="WorkDirectory" value="D:\Work\Training\CafeApp" />
      <setting name="ImageRuntimeVersion" value="4.0.30319" />
      <setting name="ImageTargetFrameworkName" value=".NETFramework,Version=v4.5.2" />
      <setting name="ImageRequiresX86" value="False" />
      <setting name="ImageRequiresDefaultAppDomainAssemblyResolver" value="False" />
      <setting name="NumberOfTestWorkers" value="8" />
    </settings>
    <properties>
      <property name="_PID" value="18372" />
      <property name="_APPDOMAIN" value="domain-" />
    </properties>
    <test-suite type="TestFixture" id="0-1017" name="OpenTabTests" fullname="OpenTabTests" classname="OpenTabTests" runstate="Runnable" testcasecount="2" result="Passed" start-time="2017-03-14 15:45:08Z" end-time="2017-03-14 15:45:08Z" duration="0.092980" total="2" passed="2" failed="0" warnings="0" inconclusive="0" skipped="0" asserts="3">
      <test-case id="0-1018" name="Can Open a new Tab" fullname="OpenTabTests.Can Open a new Tab" methodname="Can Open a new Tab" classname="OpenTabTests" runstate="Runnable" seed="1387430612" result="Passed" start-time="2017-03-14 15:45:08Z" end-time="2017-03-14 15:45:08Z" duration="0.076271" asserts="2" />
      <test-case id="0-1019" name="Cannot open an already Opened tab" fullname="OpenTabTests.Cannot open an already Opened tab" methodname="Cannot open an already Opened tab" classname="OpenTabTests" runstate="Runnable" seed="1432472550" result="Passed" start-time="2017-03-14 15:45:08Z" end-time="2017-03-14 15:45:08Z" duration="0.001952" asserts="1" />
    </test-suite>
    <test-suite type="TestFixture" id="0-1012" name="PlaceOrderTests" fullname="PlaceOrderTests" classname="PlaceOrderTests" runstate="Runnable" testcasecount="4" result="Passed" start-time="2017-03-14 15:45:08Z" end-time="2017-03-14 15:45:08Z" duration="0.019027" total="4" passed="4" failed="0" warnings="0" inconclusive="0" skipped="0" asserts="5">
      <test-case id="0-1014" name="Can not place empty order" fullname="PlaceOrderTests.Can not place empty order" methodname="Can not place empty order" classname="PlaceOrderTests" runstate="Runnable" seed="401556057" result="Passed" start-time="2017-03-14 15:45:08Z" end-time="2017-03-14 15:45:08Z" duration="0.004322" asserts="1" />
      <test-case id="0-1016" name="Can not place order multiple times" fullname="PlaceOrderTests.Can not place order multiple times" methodname="Can not place order multiple times" classname="PlaceOrderTests" runstate="Runnable" seed="126948628" result="Passed" start-time="2017-03-14 15:45:08Z" end-time="2017-03-14 15:45:08Z" duration="0.000773" asserts="1" />
      <test-case id="0-1015" name="Can not place order with a closed tab" fullname="PlaceOrderTests.Can not place order with a closed tab" methodname="Can not place order with a closed tab" classname="PlaceOrderTests" runstate="Runnable" seed="1561795137" result="Passed" start-time="2017-03-14 15:45:08Z" end-time="2017-03-14 15:45:08Z" duration="0.000365" asserts="1" />
      <test-case id="0-1013" name="Can place drinks order" fullname="PlaceOrderTests.Can place drinks order" methodname="Can place drinks order" classname="PlaceOrderTests" runstate="Runnable" seed="239788198" result="Passed" start-time="2017-03-14 15:45:08Z" end-time="2017-03-14 15:45:08Z" duration="0.002286" asserts="2" />
    </test-suite>
    <test-suite type="TestFixture" id="0-1000" name="PrepareFoodTests" fullname="PrepareFoodTests" classname="PrepareFoodTests" runstate="Runnable" testcasecount="4" result="Passed" start-time="2017-03-14 15:45:08Z" end-time="2017-03-14 15:45:08Z" duration="0.020009" total="4" passed="4" failed="0" warnings="0" inconclusive="0" skipped="0" asserts="5">
      <test-case id="0-1003" name="Can not prepare a food for served order" fullname="PrepareFoodTests.Can not prepare a food for served order" methodname="Can not prepare a food for served order" classname="PrepareFoodTests" runstate="Runnable" seed="1342792545" result="Passed" start-time="2017-03-14 15:45:08Z" end-time="2017-03-14 15:45:08Z" duration="0.001851" asserts="1" />
      <test-case id="0-1002" name="Can not prepare a non-ordered food" fullname="PrepareFoodTests.Can not prepare a non-ordered food" methodname="Can not prepare a non-ordered food" classname="PrepareFoodTests" runstate="Runnable" seed="947541956" result="Passed" start-time="2017-03-14 15:45:08Z" end-time="2017-03-14 15:45:08Z" duration="0.004325" asserts="1" />
      <test-case id="0-1004" name="Can not prepare with closed tab" fullname="PrepareFoodTests.Can not prepare with closed tab" methodname="Can not prepare with closed tab" classname="PrepareFoodTests" runstate="Runnable" seed="1654599567" result="Passed" start-time="2017-03-14 15:45:08Z" end-time="2017-03-14 15:45:08Z" duration="0.000373" asserts="1" />
      <test-case id="0-1001" name="Can Prepare Food" fullname="PrepareFoodTests.Can Prepare Food" methodname="Can Prepare Food" classname="PrepareFoodTests" runstate="Runnable" seed="967411885" result="Passed" start-time="2017-03-14 15:45:08Z" end-time="2017-03-14 15:45:08Z" duration="0.001487" asserts="2" />
    </test-suite>
    <test-suite type="TestFixture" id="0-1005" name="ServeDrinkTests" fullname="ServeDrinkTests" classname="ServeDrinkTests" runstate="Runnable" testcasecount="6" result="Passed" start-time="2017-03-14 15:45:08Z" end-time="2017-03-14 15:45:08Z" duration="0.029013" total="6" passed="6" failed="0" warnings="0" inconclusive="0" skipped="0" asserts="8">
      <test-case id="0-1008" name="Can not serve drink for already served order" fullname="ServeDrinkTests.Can not serve drink for already served order" methodname="Can not serve drink for already served order" classname="ServeDrinkTests" runstate="Runnable" seed="1844225923" result="Passed" start-time="2017-03-14 15:45:08Z" end-time="2017-03-14 15:45:08Z" duration="0.001794" asserts="1" />
      <test-case id="0-1009" name="Can not serve drink for non placed order" fullname="ServeDrinkTests.Can not serve drink for non placed order" methodname="Can not serve drink for non placed order" classname="ServeDrinkTests" runstate="Runnable" seed="1159266576" result="Passed" start-time="2017-03-14 15:45:08Z" end-time="2017-03-14 15:45:08Z" duration="0.000370" asserts="1" />
      <test-case id="0-1007" name="Can not serve non ordered drink" fullname="ServeDrinkTests.Can not serve non ordered drink" methodname="Can not serve non ordered drink" classname="ServeDrinkTests" runstate="Runnable" seed="1455814544" result="Passed" start-time="2017-03-14 15:45:08Z" end-time="2017-03-14 15:45:08Z" duration="0.002463" asserts="1" />
      <test-case id="0-1010" name="Can not serve with closed tab" fullname="ServeDrinkTests.Can not serve with closed tab" methodname="Can not serve with closed tab" classname="ServeDrinkTests" runstate="Runnable" seed="1348473324" result="Passed" start-time="2017-03-14 15:45:08Z" end-time="2017-03-14 15:45:08Z" duration="0.000406" asserts="1" />
      <test-case id="0-1006" name="Can Serve Drink" fullname="ServeDrinkTests.Can Serve Drink" methodname="Can Serve Drink" classname="ServeDrinkTests" runstate="Runnable" seed="414777184" result="Passed" start-time="2017-03-14 15:45:08Z" end-time="2017-03-14 15:45:08Z" duration="0.001302" asserts="2" />
      <test-case id="0-1011" name="Can serve drinks for order containing only one drinks" fullname="ServeDrinkTests.Can serve drinks for order containing only one drinks" methodname="Can serve drinks for order containing only one drinks" classname="ServeDrinkTests" runstate="Runnable" seed="853846879" result="Passed" start-time="2017-03-14 15:45:08Z" end-time="2017-03-14 15:45:08Z" duration="0.005628" asserts="2" />
    </test-suite>
  </test-suite>
</test-run>