<?xml version="1.0" encoding="utf-8" standalone="no"?>
<test-run id="2" testcasecount="31" result="Passed" total="31" passed="31" failed="0" inconclusive="0" skipped="0" asserts="40" engine-version="3.6.1.0" clr-version="4.0.30319.42000" start-time="2017-04-02 20:02:43Z" end-time="2017-04-02 20:02:44Z" duration="0.865829">
  <command-line><![CDATA["packages/NUnit.ConsoleRunner/tools/nunit3-console.exe" "--noheader" "d:\Work\Training\FsCafeApp\tests\CafeApp.Core.Tests.dll" ]]></command-line>
  <test-suite type="Assembly" id="0-1037" name="CafeApp.Core.Tests.dll" fullname="d:\Work\Training\FsCafeApp\tests\CafeApp.Core.Tests.dll" runstate="Runnable" testcasecount="31" result="Passed" start-time="2017-04-02 20:02:44Z" end-time="2017-04-02 20:02:44Z" duration="0.308197" total="31" passed="31" failed="0" warnings="0" inconclusive="0" skipped="0" asserts="40">
    <environment framework-version="3.6.0.0" clr-version="4.0.30319.42000" os-version="Microsoft Windows NT 10.0.14393.0" platform="Win32NT" cwd="d:\Work\Training\FsCafeApp" machine-name="ODIN-LENOVO" user="odind" user-domain="ODIN-LENOVO" culture="en-US" uiculture="en-US" os-architecture="x64" />
    <settings>
      <setting name="DisposeRunners" value="True" />
      <setting name="WorkDirectory" value="d:\Work\Training\FsCafeApp" />
      <setting name="ImageRuntimeVersion" value="4.0.30319" />
      <setting name="ImageTargetFrameworkName" value=".NETFramework,Version=v4.6.2" />
      <setting name="ImageRequiresX86" value="False" />
      <setting name="ImageRequiresDefaultAppDomainAssemblyResolver" value="False" />
      <setting name="NumberOfTestWorkers" value="8" />
    </settings>
    <properties>
      <property name="_PID" value="14988" />
      <property name="_APPDOMAIN" value="domain-" />
    </properties>
    <test-suite type="TestFixture" id="0-1032" name="CloseTabTests" fullname="CloseTabTests" classname="CloseTabTests" runstate="Runnable" testcasecount="1" result="Passed" start-time="2017-04-02 20:02:44Z" end-time="2017-04-02 20:02:44Z" duration="0.105585" total="1" passed="1" failed="0" warnings="0" inconclusive="0" skipped="0" asserts="2">
      <test-case id="0-1033" name="Can close the tab by paying full amount" fullname="CloseTabTests.Can close the tab by paying full amount" methodname="Can close the tab by paying full amount" classname="CloseTabTests" runstate="Runnable" seed="1025650902" result="Passed" start-time="2017-04-02 20:02:44Z" end-time="2017-04-02 20:02:44Z" duration="0.093918" asserts="2" />
    </test-suite>
    <test-suite type="TestFixture" id="0-1034" name="OpenTabTests" fullname="OpenTabTests" classname="OpenTabTests" runstate="Runnable" testcasecount="2" result="Passed" start-time="2017-04-02 20:02:44Z" end-time="2017-04-02 20:02:44Z" duration="0.010089" total="2" passed="2" failed="0" warnings="0" inconclusive="0" skipped="0" asserts="3">
      <test-case id="0-1035" name="Can Open a new Tab" fullname="OpenTabTests.Can Open a new Tab" methodname="Can Open a new Tab" classname="OpenTabTests" runstate="Runnable" seed="703724095" result="Passed" start-time="2017-04-02 20:02:44Z" end-time="2017-04-02 20:02:44Z" duration="0.001828" asserts="2" />
      <test-case id="0-1036" name="Cannot open an already Opened tab" fullname="OpenTabTests.Cannot open an already Opened tab" methodname="Cannot open an already Opened tab" classname="OpenTabTests" runstate="Runnable" seed="310034218" result="Passed" start-time="2017-04-02 20:02:44Z" end-time="2017-04-02 20:02:44Z" duration="0.002018" asserts="1" />
    </test-suite>
    <test-suite type="TestFixture" id="0-1027" name="PlaceOrderTests" fullname="PlaceOrderTests" classname="PlaceOrderTests" runstate="Runnable" testcasecount="4" result="Passed" start-time="2017-04-02 20:02:44Z" end-time="2017-04-02 20:02:44Z" duration="0.019059" total="4" passed="4" failed="0" warnings="0" inconclusive="0" skipped="0" asserts="5">
      <test-case id="0-1029" name="Can not place empty order" fullname="PlaceOrderTests.Can not place empty order" methodname="Can not place empty order" classname="PlaceOrderTests" runstate="Runnable" seed="249916496" result="Passed" start-time="2017-04-02 20:02:44Z" end-time="2017-04-02 20:02:44Z" duration="0.001509" asserts="1" />
      <test-case id="0-1031" name="Can not place order multiple times" fullname="PlaceOrderTests.Can not place order multiple times" methodname="Can not place order multiple times" classname="PlaceOrderTests" runstate="Runnable" seed="947566372" result="Passed" start-time="2017-04-02 20:02:44Z" end-time="2017-04-02 20:02:44Z" duration="0.000671" asserts="1" />
      <test-case id="0-1030" name="Can not place order with a closed tab" fullname="PlaceOrderTests.Can not place order with a closed tab" methodname="Can not place order with a closed tab" classname="PlaceOrderTests" runstate="Runnable" seed="499979905" result="Passed" start-time="2017-04-02 20:02:44Z" end-time="2017-04-02 20:02:44Z" duration="0.000504" asserts="1" />
      <test-case id="0-1028" name="Can place drinks order" fullname="PlaceOrderTests.Can place drinks order" methodname="Can place drinks order" classname="PlaceOrderTests" runstate="Runnable" seed="2010826454" result="Passed" start-time="2017-04-02 20:02:44Z" end-time="2017-04-02 20:02:44Z" duration="0.002323" asserts="2" />
    </test-suite>
    <test-suite type="TestFixture" id="0-1009" name="PrepareFoodTests" fullname="PrepareFoodTests" classname="PrepareFoodTests" runstate="Runnable" testcasecount="7" result="Passed" start-time="2017-04-02 20:02:44Z" end-time="2017-04-02 20:02:44Z" duration="0.037099" total="7" passed="7" failed="0" warnings="0" inconclusive="0" skipped="0" asserts="9">
      <test-case id="0-1012" name="Can not prepare a food for served order" fullname="PrepareFoodTests.Can not prepare a food for served order" methodname="Can not prepare a food for served order" classname="PrepareFoodTests" runstate="Runnable" seed="1769489007" result="Passed" start-time="2017-04-02 20:02:44Z" end-time="2017-04-02 20:02:44Z" duration="0.001977" asserts="1" />
      <test-case id="0-1011" name="Can not prepare a non-ordered food" fullname="PrepareFoodTests.Can not prepare a non-ordered food" methodname="Can not prepare a non-ordered food" classname="PrepareFoodTests" runstate="Runnable" seed="324791128" result="Passed" start-time="2017-04-02 20:02:44Z" end-time="2017-04-02 20:02:44Z" duration="0.004738" asserts="1" />
      <test-case id="0-1016" name="Can not prepare already prepared food during order in progress" fullname="PrepareFoodTests.Can not prepare already prepared food during order in progress" methodname="Can not prepare already prepared food during order in progress" classname="PrepareFoodTests" runstate="Runnable" seed="560727059" result="Passed" start-time="2017-04-02 20:02:44Z" end-time="2017-04-02 20:02:44Z" duration="0.002366" asserts="1" />
      <test-case id="0-1015" name="Can not prepare non-ordered food during order in progress" fullname="PrepareFoodTests.Can not prepare non-ordered food during order in progress" methodname="Can not prepare non-ordered food during order in progress" classname="PrepareFoodTests" runstate="Runnable" seed="1735658763" result="Passed" start-time="2017-04-02 20:02:44Z" end-time="2017-04-02 20:02:44Z" duration="0.000520" asserts="1" />
      <test-case id="0-1013" name="Can not prepare with closed tab" fullname="PrepareFoodTests.Can not prepare with closed tab" methodname="Can not prepare with closed tab" classname="PrepareFoodTests" runstate="Runnable" seed="222595504" result="Passed" start-time="2017-04-02 20:02:44Z" end-time="2017-04-02 20:02:44Z" duration="0.000462" asserts="1" />
      <test-case id="0-1010" name="Can Prepare Food" fullname="PrepareFoodTests.Can Prepare Food" methodname="Can Prepare Food" classname="PrepareFoodTests" runstate="Runnable" seed="1608115890" result="Passed" start-time="2017-04-02 20:02:44Z" end-time="2017-04-02 20:02:44Z" duration="0.001286" asserts="2" />
      <test-case id="0-1014" name="Can prepare food during order in progress" fullname="PrepareFoodTests.Can prepare food during order in progress" methodname="Can prepare food during order in progress" classname="PrepareFoodTests" runstate="Runnable" seed="507522602" result="Passed" start-time="2017-04-02 20:02:44Z" end-time="2017-04-02 20:02:44Z" duration="0.001009" asserts="2" />
    </test-suite>
    <test-suite type="TestFixture" id="0-1017" name="ServeDrinkTests" fullname="ServeDrinkTests" classname="ServeDrinkTests" runstate="Runnable" testcasecount="9" result="Passed" start-time="2017-04-02 20:02:44Z" end-time="2017-04-02 20:02:44Z" duration="0.057175" total="9" passed="9" failed="0" warnings="0" inconclusive="0" skipped="0" asserts="12">
      <test-case id="0-1026" name="Can not serve an already served drinks" fullname="ServeDrinkTests.Can not serve an already served drinks" methodname="Can not serve an already served drinks" classname="ServeDrinkTests" runstate="Runnable" seed="2023750392" result="Passed" start-time="2017-04-02 20:02:44Z" end-time="2017-04-02 20:02:44Z" duration="0.006196" asserts="1" />
      <test-case id="0-1020" name="Can not serve drink for already served order" fullname="ServeDrinkTests.Can not serve drink for already served order" methodname="Can not serve drink for already served order" classname="ServeDrinkTests" runstate="Runnable" seed="214284426" result="Passed" start-time="2017-04-02 20:02:44Z" end-time="2017-04-02 20:02:44Z" duration="0.000389" asserts="1" />
      <test-case id="0-1021" name="Can not serve drink for non placed order" fullname="ServeDrinkTests.Can not serve drink for non placed order" methodname="Can not serve drink for non placed order" classname="ServeDrinkTests" runstate="Runnable" seed="328118217" result="Passed" start-time="2017-04-02 20:02:44Z" end-time="2017-04-02 20:02:44Z" duration="0.000463" asserts="1" />
      <test-case id="0-1019" name="Can not serve non ordered drink" fullname="ServeDrinkTests.Can not serve non ordered drink" methodname="Can not serve non ordered drink" classname="ServeDrinkTests" runstate="Runnable" seed="1312839439" result="Passed" start-time="2017-04-02 20:02:44Z" end-time="2017-04-02 20:02:44Z" duration="0.000851" asserts="1" />
      <test-case id="0-1025" name="Can not serve non ordered drinks during order in progress " fullname="ServeDrinkTests.Can not serve non ordered drinks during order in progress " methodname="Can not serve non ordered drinks during order in progress " classname="ServeDrinkTests" runstate="Runnable" seed="351220572" result="Passed" start-time="2017-04-02 20:02:44Z" end-time="2017-04-02 20:02:44Z" duration="0.000714" asserts="1" />
      <test-case id="0-1022" name="Can not serve with closed tab" fullname="ServeDrinkTests.Can not serve with closed tab" methodname="Can not serve with closed tab" classname="ServeDrinkTests" runstate="Runnable" seed="807316564" result="Passed" start-time="2017-04-02 20:02:44Z" end-time="2017-04-02 20:02:44Z" duration="0.000559" asserts="1" />
      <test-case id="0-1018" name="Can Serve Drink" fullname="ServeDrinkTests.Can Serve Drink" methodname="Can Serve Drink" classname="ServeDrinkTests" runstate="Runnable" seed="1401115764" result="Passed" start-time="2017-04-02 20:02:44Z" end-time="2017-04-02 20:02:44Z" duration="0.001322" asserts="2" />
      <test-case id="0-1023" name="Can serve drinks for order containing only one drinks" fullname="ServeDrinkTests.Can serve drinks for order containing only one drinks" methodname="Can serve drinks for order containing only one drinks" classname="ServeDrinkTests" runstate="Runnable" seed="1943672966" result="Passed" start-time="2017-04-02 20:02:44Z" end-time="2017-04-02 20:02:44Z" duration="0.001321" asserts="2" />
      <test-case id="0-1024" name="Remain in order in progress while serving drink" fullname="ServeDrinkTests.Remain in order in progress while serving drink" methodname="Remain in order in progress while serving drink" classname="ServeDrinkTests" runstate="Runnable" seed="1408048193" result="Passed" start-time="2017-04-02 20:02:44Z" end-time="2017-04-02 20:02:44Z" duration="0.015533" asserts="2" />
    </test-suite>
    <test-suite type="TestFixture" id="0-1000" name="ServeFoodTests" fullname="ServeFoodTests" classname="ServeFoodTests" runstate="Runnable" testcasecount="8" result="Passed" start-time="2017-04-02 20:02:44Z" end-time="2017-04-02 20:02:44Z" duration="0.037112" total="8" passed="8" failed="0" warnings="0" inconclusive="0" skipped="0" asserts="9">
      <test-case id="0-1001" name="Can maintain the order in progress state by serving food" fullname="ServeFoodTests.Can maintain the order in progress state by serving food" methodname="Can maintain the order in progress state by serving food" classname="ServeFoodTests" runstate="Runnable" seed="639924223" result="Passed" start-time="2017-04-02 20:02:44Z" end-time="2017-04-02 20:02:44Z" duration="0.005129" asserts="2" />
      <test-case id="0-1004" name="Can not serve already served food" fullname="ServeFoodTests.Can not serve already served food" methodname="Can not serve already served food" classname="ServeFoodTests" runstate="Runnable" seed="685434802" result="Passed" start-time="2017-04-02 20:02:44Z" end-time="2017-04-02 20:02:44Z" duration="0.000802" asserts="1" />
      <test-case id="0-1007" name="Can not serve for already served order" fullname="ServeFoodTests.Can not serve for already served order" methodname="Can not serve for already served order" classname="ServeFoodTests" runstate="Runnable" seed="395393907" result="Passed" start-time="2017-04-02 20:02:44Z" end-time="2017-04-02 20:02:44Z" duration="0.000318" asserts="1" />
      <test-case id="0-1006" name="Can not serve for non placed order" fullname="ServeFoodTests.Can not serve for non placed order" methodname="Can not serve for non placed order" classname="ServeFoodTests" runstate="Runnable" seed="1482925432" result="Passed" start-time="2017-04-02 20:02:44Z" end-time="2017-04-02 20:02:44Z" duration="0.000359" asserts="1" />
      <test-case id="0-1005" name="Can not serve for placed order" fullname="ServeFoodTests.Can not serve for placed order" methodname="Can not serve for placed order" classname="ServeFoodTests" runstate="Runnable" seed="328829473" result="Passed" start-time="2017-04-02 20:02:44Z" end-time="2017-04-02 20:02:44Z" duration="0.000529" asserts="1" />
      <test-case id="0-1003" name="Can not serve non-ordered food" fullname="ServeFoodTests.Can not serve non-ordered food" methodname="Can not serve non-ordered food" classname="ServeFoodTests" runstate="Runnable" seed="120759395" result="Passed" start-time="2017-04-02 20:02:44Z" end-time="2017-04-02 20:02:44Z" duration="0.000798" asserts="1" />
      <test-case id="0-1008" name="Can not serve with closed tab" fullname="ServeFoodTests.Can not serve with closed tab" methodname="Can not serve with closed tab" classname="ServeFoodTests" runstate="Runnable" seed="853831894" result="Passed" start-time="2017-04-02 20:02:44Z" end-time="2017-04-02 20:02:44Z" duration="0.000410" asserts="1" />
      <test-case id="0-1002" name="Can serve only prepared food" fullname="ServeFoodTests.Can serve only prepared food" methodname="Can serve only prepared food" classname="ServeFoodTests" runstate="Runnable" seed="2007644722" result="Passed" start-time="2017-04-02 20:02:44Z" end-time="2017-04-02 20:02:44Z" duration="0.000606" asserts="1" />
    </test-suite>
  </test-suite>
</test-run>