<?xml version="1.0" encoding="utf-8" standalone="no"?>
<test-run id="2" testcasecount="31" result="Passed" total="31" passed="31" failed="0" inconclusive="0" skipped="0" asserts="40" engine-version="3.6.1.0" clr-version="4.0.30319.42000" start-time="2017-03-16 14:07:22Z" end-time="2017-03-16 14:07:23Z" duration="1.203546">
  <command-line><![CDATA["packages/NUnit.ConsoleRunner/tools/nunit3-console.exe" "--noheader" "D:\Work\Training\CafeApp\tests\CafeApp.Core.Tests.dll" ]]></command-line>
  <test-suite type="Assembly" id="0-1037" name="CafeApp.Core.Tests.dll" fullname="D:\Work\Training\CafeApp\tests\CafeApp.Core.Tests.dll" runstate="Runnable" testcasecount="31" result="Passed" start-time="2017-03-16 14:07:23Z" end-time="2017-03-16 14:07:23Z" duration="0.346741" total="31" passed="31" failed="0" warnings="0" inconclusive="0" skipped="0" asserts="40">
    <environment framework-version="3.6.0.0" clr-version="4.0.30319.42000" os-version="Microsoft Windows NT 10.0.15048.0" platform="Win32NT" cwd="D:\Work\Training\CafeApp" machine-name="ODIN" user="odind" user-domain="ODIN" culture="ru-BY" uiculture="ru-RU" os-architecture="x64" />
    <settings>
      <setting name="DisposeRunners" value="True" />
      <setting name="WorkDirectory" value="D:\Work\Training\CafeApp" />
      <setting name="ImageRuntimeVersion" value="4.0.30319" />
      <setting name="ImageTargetFrameworkName" value=".NETFramework,Version=v4.5.2" />
      <setting name="ImageRequiresX86" value="False" />
      <setting name="ImageRequiresDefaultAppDomainAssemblyResolver" value="False" />
      <setting name="NumberOfTestWorkers" value="8" />
    </settings>
    <properties>
      <property name="_PID" value="15348" />
      <property name="_APPDOMAIN" value="domain-" />
    </properties>
    <test-suite type="TestFixture" id="0-1032" name="CloseTabTests" fullname="CloseTabTests" classname="CloseTabTests" runstate="Runnable" testcasecount="1" result="Passed" start-time="2017-03-16 14:07:23Z" end-time="2017-03-16 14:07:23Z" duration="0.115703" total="1" passed="1" failed="0" warnings="0" inconclusive="0" skipped="0" asserts="2">
      <test-case id="0-1033" name="Can close the tab by paying full amount" fullname="CloseTabTests.Can close the tab by paying full amount" methodname="Can close the tab by paying full amount" classname="CloseTabTests" runstate="Runnable" seed="1510653469" result="Passed" start-time="2017-03-16 14:07:23Z" end-time="2017-03-16 14:07:23Z" duration="0.100859" asserts="2" />
    </test-suite>
    <test-suite type="TestFixture" id="0-1034" name="OpenTabTests" fullname="OpenTabTests" classname="OpenTabTests" runstate="Runnable" testcasecount="2" result="Passed" start-time="2017-03-16 14:07:23Z" end-time="2017-03-16 14:07:23Z" duration="0.013526" total="2" passed="2" failed="0" warnings="0" inconclusive="0" skipped="0" asserts="3">
      <test-case id="0-1035" name="Can Open a new Tab" fullname="OpenTabTests.Can Open a new Tab" methodname="Can Open a new Tab" classname="OpenTabTests" runstate="Runnable" seed="882786373" result="Passed" start-time="2017-03-16 14:07:23Z" end-time="2017-03-16 14:07:23Z" duration="0.002419" asserts="2" />
      <test-case id="0-1036" name="Cannot open an already Opened tab" fullname="OpenTabTests.Cannot open an already Opened tab" methodname="Cannot open an already Opened tab" classname="OpenTabTests" runstate="Runnable" seed="142000220" result="Passed" start-time="2017-03-16 14:07:23Z" end-time="2017-03-16 14:07:23Z" duration="0.003219" asserts="1" />
    </test-suite>
    <test-suite type="TestFixture" id="0-1027" name="PlaceOrderTests" fullname="PlaceOrderTests" classname="PlaceOrderTests" runstate="Runnable" testcasecount="4" result="Passed" start-time="2017-03-16 14:07:23Z" end-time="2017-03-16 14:07:23Z" duration="0.021011" total="4" passed="4" failed="0" warnings="0" inconclusive="0" skipped="0" asserts="5">
      <test-case id="0-1029" name="Can not place empty order" fullname="PlaceOrderTests.Can not place empty order" methodname="Can not place empty order" classname="PlaceOrderTests" runstate="Runnable" seed="551566116" result="Passed" start-time="2017-03-16 14:07:23Z" end-time="2017-03-16 14:07:23Z" duration="0.001864" asserts="1" />
      <test-case id="0-1031" name="Can not place order multiple times" fullname="PlaceOrderTests.Can not place order multiple times" methodname="Can not place order multiple times" classname="PlaceOrderTests" runstate="Runnable" seed="1975963399" result="Passed" start-time="2017-03-16 14:07:23Z" end-time="2017-03-16 14:07:23Z" duration="0.001186" asserts="1" />
      <test-case id="0-1030" name="Can not place order with a closed tab" fullname="PlaceOrderTests.Can not place order with a closed tab" methodname="Can not place order with a closed tab" classname="PlaceOrderTests" runstate="Runnable" seed="1628656937" result="Passed" start-time="2017-03-16 14:07:23Z" end-time="2017-03-16 14:07:23Z" duration="0.000646" asserts="1" />
      <test-case id="0-1028" name="Can place drinks order" fullname="PlaceOrderTests.Can place drinks order" methodname="Can place drinks order" classname="PlaceOrderTests" runstate="Runnable" seed="1222646801" result="Passed" start-time="2017-03-16 14:07:23Z" end-time="2017-03-16 14:07:23Z" duration="0.003753" asserts="2" />
    </test-suite>
    <test-suite type="TestFixture" id="0-1009" name="PrepareFoodTests" fullname="PrepareFoodTests" classname="PrepareFoodTests" runstate="Runnable" testcasecount="7" result="Passed" start-time="2017-03-16 14:07:23Z" end-time="2017-03-16 14:07:23Z" duration="0.044014" total="7" passed="7" failed="0" warnings="0" inconclusive="0" skipped="0" asserts="9">
      <test-case id="0-1012" name="Can not prepare a food for served order" fullname="PrepareFoodTests.Can not prepare a food for served order" methodname="Can not prepare a food for served order" classname="PrepareFoodTests" runstate="Runnable" seed="599855038" result="Passed" start-time="2017-03-16 14:07:23Z" end-time="2017-03-16 14:07:23Z" duration="0.002526" asserts="1" />
      <test-case id="0-1011" name="Can not prepare a non-ordered food" fullname="PrepareFoodTests.Can not prepare a non-ordered food" methodname="Can not prepare a non-ordered food" classname="PrepareFoodTests" runstate="Runnable" seed="1520945348" result="Passed" start-time="2017-03-16 14:07:23Z" end-time="2017-03-16 14:07:23Z" duration="0.008551" asserts="1" />
      <test-case id="0-1016" name="Can not prepare already prepared food during order in progress" fullname="PrepareFoodTests.Can not prepare already prepared food during order in progress" methodname="Can not prepare already prepared food during order in progress" classname="PrepareFoodTests" runstate="Runnable" seed="82606645" result="Passed" start-time="2017-03-16 14:07:23Z" end-time="2017-03-16 14:07:23Z" duration="0.003641" asserts="1" />
      <test-case id="0-1015" name="Can not prepare non-ordered food during order in progress" fullname="PrepareFoodTests.Can not prepare non-ordered food during order in progress" methodname="Can not prepare non-ordered food during order in progress" classname="PrepareFoodTests" runstate="Runnable" seed="1978521553" result="Passed" start-time="2017-03-16 14:07:23Z" end-time="2017-03-16 14:07:23Z" duration="0.000761" asserts="1" />
      <test-case id="0-1013" name="Can not prepare with closed tab" fullname="PrepareFoodTests.Can not prepare with closed tab" methodname="Can not prepare with closed tab" classname="PrepareFoodTests" runstate="Runnable" seed="291546776" result="Passed" start-time="2017-03-16 14:07:23Z" end-time="2017-03-16 14:07:23Z" duration="0.000734" asserts="1" />
      <test-case id="0-1010" name="Can Prepare Food" fullname="PrepareFoodTests.Can Prepare Food" methodname="Can Prepare Food" classname="PrepareFoodTests" runstate="Runnable" seed="1061298792" result="Passed" start-time="2017-03-16 14:07:23Z" end-time="2017-03-16 14:07:23Z" duration="0.002279" asserts="2" />
      <test-case id="0-1014" name="Can prepare food during order in progress" fullname="PrepareFoodTests.Can prepare food during order in progress" methodname="Can prepare food during order in progress" classname="PrepareFoodTests" runstate="Runnable" seed="1347229429" result="Passed" start-time="2017-03-16 14:07:23Z" end-time="2017-03-16 14:07:23Z" duration="0.001201" asserts="2" />
    </test-suite>
    <test-suite type="TestFixture" id="0-1017" name="ServeDrinkTests" fullname="ServeDrinkTests" classname="ServeDrinkTests" runstate="Runnable" testcasecount="9" result="Passed" start-time="2017-03-16 14:07:23Z" end-time="2017-03-16 14:07:23Z" duration="0.068856" total="9" passed="9" failed="0" warnings="0" inconclusive="0" skipped="0" asserts="12">
      <test-case id="0-1026" name="Can not serve an already served drinks" fullname="ServeDrinkTests.Can not serve an already served drinks" methodname="Can not serve an already served drinks" classname="ServeDrinkTests" runstate="Runnable" seed="1691533250" result="Passed" start-time="2017-03-16 14:07:23Z" end-time="2017-03-16 14:07:23Z" duration="0.009598" asserts="1" />
      <test-case id="0-1020" name="Can not serve drink for already served order" fullname="ServeDrinkTests.Can not serve drink for already served order" methodname="Can not serve drink for already served order" classname="ServeDrinkTests" runstate="Runnable" seed="44658938" result="Passed" start-time="2017-03-16 14:07:23Z" end-time="2017-03-16 14:07:23Z" duration="0.000759" asserts="1" />
      <test-case id="0-1021" name="Can not serve drink for non placed order" fullname="ServeDrinkTests.Can not serve drink for non placed order" methodname="Can not serve drink for non placed order" classname="ServeDrinkTests" runstate="Runnable" seed="494912466" result="Passed" start-time="2017-03-16 14:07:23Z" end-time="2017-03-16 14:07:23Z" duration="0.000838" asserts="1" />
      <test-case id="0-1019" name="Can not serve non ordered drink" fullname="ServeDrinkTests.Can not serve non ordered drink" methodname="Can not serve non ordered drink" classname="ServeDrinkTests" runstate="Runnable" seed="1552588666" result="Passed" start-time="2017-03-16 14:07:23Z" end-time="2017-03-16 14:07:23Z" duration="0.001309" asserts="1" />
      <test-case id="0-1025" name="Can not serve non ordered drinks during order in progress " fullname="ServeDrinkTests.Can not serve non ordered drinks during order in progress " methodname="Can not serve non ordered drinks during order in progress " classname="ServeDrinkTests" runstate="Runnable" seed="2053945931" result="Passed" start-time="2017-03-16 14:07:23Z" end-time="2017-03-16 14:07:23Z" duration="0.001086" asserts="1" />
      <test-case id="0-1022" name="Can not serve with closed tab" fullname="ServeDrinkTests.Can not serve with closed tab" methodname="Can not serve with closed tab" classname="ServeDrinkTests" runstate="Runnable" seed="1199849237" result="Passed" start-time="2017-03-16 14:07:23Z" end-time="2017-03-16 14:07:23Z" duration="0.000580" asserts="1" />
      <test-case id="0-1018" name="Can Serve Drink" fullname="ServeDrinkTests.Can Serve Drink" methodname="Can Serve Drink" classname="ServeDrinkTests" runstate="Runnable" seed="7582479" result="Passed" start-time="2017-03-16 14:07:23Z" end-time="2017-03-16 14:07:23Z" duration="0.001857" asserts="2" />
      <test-case id="0-1023" name="Can serve drinks for order containing only one drinks" fullname="ServeDrinkTests.Can serve drinks for order containing only one drinks" methodname="Can serve drinks for order containing only one drinks" classname="ServeDrinkTests" runstate="Runnable" seed="1268798160" result="Passed" start-time="2017-03-16 14:07:23Z" end-time="2017-03-16 14:07:23Z" duration="0.001639" asserts="2" />
      <test-case id="0-1024" name="Remain in order in progress while serving drink" fullname="ServeDrinkTests.Remain in order in progress while serving drink" methodname="Remain in order in progress while serving drink" classname="ServeDrinkTests" runstate="Runnable" seed="589989990" result="Passed" start-time="2017-03-16 14:07:23Z" end-time="2017-03-16 14:07:23Z" duration="0.022657" asserts="2" />
    </test-suite>
    <test-suite type="TestFixture" id="0-1000" name="ServeFoodTests" fullname="ServeFoodTests" classname="ServeFoodTests" runstate="Runnable" testcasecount="8" result="Passed" start-time="2017-03-16 14:07:23Z" end-time="2017-03-16 14:07:23Z" duration="0.040514" total="8" passed="8" failed="0" warnings="0" inconclusive="0" skipped="0" asserts="9">
      <test-case id="0-1001" name="Can maintain the order in progress state by serving food" fullname="ServeFoodTests.Can maintain the order in progress state by serving food" methodname="Can maintain the order in progress state by serving food" classname="ServeFoodTests" runstate="Runnable" seed="809391394" result="Passed" start-time="2017-03-16 14:07:23Z" end-time="2017-03-16 14:07:23Z" duration="0.007144" asserts="2" />
      <test-case id="0-1004" name="Can not serve already served food" fullname="ServeFoodTests.Can not serve already served food" methodname="Can not serve already served food" classname="ServeFoodTests" runstate="Runnable" seed="1343124598" result="Passed" start-time="2017-03-16 14:07:23Z" end-time="2017-03-16 14:07:23Z" duration="0.001203" asserts="1" />
      <test-case id="0-1007" name="Can not serve for already served order" fullname="ServeFoodTests.Can not serve for already served order" methodname="Can not serve for already served order" classname="ServeFoodTests" runstate="Runnable" seed="866303470" result="Passed" start-time="2017-03-16 14:07:23Z" end-time="2017-03-16 14:07:23Z" duration="0.000500" asserts="1" />
      <test-case id="0-1006" name="Can not serve for non placed order" fullname="ServeFoodTests.Can not serve for non placed order" methodname="Can not serve for non placed order" classname="ServeFoodTests" runstate="Runnable" seed="192702701" result="Passed" start-time="2017-03-16 14:07:23Z" end-time="2017-03-16 14:07:23Z" duration="0.000507" asserts="1" />
      <test-case id="0-1005" name="Can not serve for placed order" fullname="ServeFoodTests.Can not serve for placed order" methodname="Can not serve for placed order" classname="ServeFoodTests" runstate="Runnable" seed="2146762276" result="Passed" start-time="2017-03-16 14:07:23Z" end-time="2017-03-16 14:07:23Z" duration="0.000864" asserts="1" />
      <test-case id="0-1003" name="Can not serve non-ordered food" fullname="ServeFoodTests.Can not serve non-ordered food" methodname="Can not serve non-ordered food" classname="ServeFoodTests" runstate="Runnable" seed="1696619014" result="Passed" start-time="2017-03-16 14:07:23Z" end-time="2017-03-16 14:07:23Z" duration="0.000932" asserts="1" />
      <test-case id="0-1008" name="Can not serve with closed tab" fullname="ServeFoodTests.Can not serve with closed tab" methodname="Can not serve with closed tab" classname="ServeFoodTests" runstate="Runnable" seed="1643364019" result="Passed" start-time="2017-03-16 14:07:23Z" end-time="2017-03-16 14:07:23Z" duration="0.000386" asserts="1" />
      <test-case id="0-1002" name="Can serve only prepared food" fullname="ServeFoodTests.Can serve only prepared food" methodname="Can serve only prepared food" classname="ServeFoodTests" runstate="Runnable" seed="1655030957" result="Passed" start-time="2017-03-16 14:07:23Z" end-time="2017-03-16 14:07:23Z" duration="0.000630" asserts="1" />
    </test-suite>
  </test-suite>
</test-run>